[2024-07-19T08:08:46.506+0000] {manager.py:469} INFO - Processing files using up to 2 processes at a time 
[2024-07-19T08:08:46.506+0000] {manager.py:470} INFO - Process each file at most once every 30 seconds
[2024-07-19T08:08:46.507+0000] {manager.py:471} INFO - Checking for new files in /opt/airflow/dags every 300 seconds
[2024-07-19T08:08:46.507+0000] {manager.py:738} INFO - Searching for files in /opt/airflow/dags
[2024-07-19T08:08:46.508+0000] {manager.py:741} INFO - There are 0 files in /opt/airflow/dags
[2024-07-19T08:13:46.690+0000] {manager.py:738} INFO - Searching for files in /opt/airflow/dags
[2024-07-19T08:13:46.691+0000] {manager.py:741} INFO - There are 0 files in /opt/airflow/dags
[2024-07-19T08:18:46.738+0000] {manager.py:738} INFO - Searching for files in /opt/airflow/dags
[2024-07-19T08:18:46.738+0000] {manager.py:741} INFO - There are 0 files in /opt/airflow/dags
[2024-07-19T08:23:46.775+0000] {manager.py:738} INFO - Searching for files in /opt/airflow/dags
[2024-07-19T08:23:46.776+0000] {manager.py:741} INFO - There are 0 files in /opt/airflow/dags
[2024-07-19T08:28:46.809+0000] {manager.py:738} INFO - Searching for files in /opt/airflow/dags
[2024-07-19T08:28:46.810+0000] {manager.py:741} INFO - There are 0 files in /opt/airflow/dags
[2024-07-19T08:33:46.847+0000] {manager.py:738} INFO - Searching for files in /opt/airflow/dags
[2024-07-19T08:33:46.848+0000] {manager.py:741} INFO - There are 0 files in /opt/airflow/dags
[2024-07-19T08:38:46.878+0000] {manager.py:738} INFO - Searching for files in /opt/airflow/dags
[2024-07-19T08:38:46.879+0000] {manager.py:741} INFO - There are 0 files in /opt/airflow/dags
[2024-07-19T08:43:46.896+0000] {manager.py:738} INFO - Searching for files in /opt/airflow/dags
[2024-07-19T08:43:46.896+0000] {manager.py:741} INFO - There are 0 files in /opt/airflow/dags
[2024-07-19T08:48:46.933+0000] {manager.py:738} INFO - Searching for files in /opt/airflow/dags
[2024-07-19T08:48:46.934+0000] {manager.py:741} INFO - There are 0 files in /opt/airflow/dags
[2024-07-19T08:53:46.985+0000] {manager.py:738} INFO - Searching for files in /opt/airflow/dags
[2024-07-19T08:53:46.986+0000] {manager.py:741} INFO - There are 0 files in /opt/airflow/dags
[2024-07-19T08:58:47.022+0000] {manager.py:738} INFO - Searching for files in /opt/airflow/dags
[2024-07-19T08:58:47.023+0000] {manager.py:741} INFO - There are 0 files in /opt/airflow/dags
[2024-07-19T09:03:47.067+0000] {manager.py:738} INFO - Searching for files in /opt/airflow/dags
[2024-07-19T09:03:47.067+0000] {manager.py:741} INFO - There are 1 files in /opt/airflow/dags
[2024-07-19T09:03:58.135+0000] {manager.py:879} INFO - 
================================================================================
DAG File Processing Stats

File Path                    PID    Runtime      # DAGs    # Errors  Last Runtime    Last Run
---------------------------  -----  ---------  --------  ----------  --------------  -------------------
/opt/airflow/dags/my_dag.py                           1           0  0.37s           2024-07-19T09:03:47
================================================================================
[2024-07-19T09:04:28.590+0000] {manager.py:879} INFO - 
================================================================================
DAG File Processing Stats

File Path                    PID    Runtime      # DAGs    # Errors  Last Runtime    Last Run
---------------------------  -----  ---------  --------  ----------  --------------  -------------------
/opt/airflow/dags/my_dag.py                           1           0  0.08s           2024-07-19T09:04:17
================================================================================
[2024-07-19T09:04:58.756+0000] {manager.py:879} INFO - 
================================================================================
DAG File Processing Stats

File Path                    PID    Runtime      # DAGs    # Errors  Last Runtime    Last Run
---------------------------  -----  ---------  --------  ----------  --------------  -------------------
/opt/airflow/dags/my_dag.py                           1           0  0.08s           2024-07-19T09:04:47
================================================================================
[2024-07-19T09:05:28.873+0000] {manager.py:879} INFO - 
================================================================================
DAG File Processing Stats

File Path                    PID    Runtime      # DAGs    # Errors  Last Runtime    Last Run
---------------------------  -----  ---------  --------  ----------  --------------  -------------------
/opt/airflow/dags/my_dag.py                           1           0  0.11s           2024-07-19T09:05:17
================================================================================
[2024-07-19T09:05:59.056+0000] {manager.py:879} INFO - 
================================================================================
DAG File Processing Stats

File Path                    PID    Runtime      # DAGs    # Errors  Last Runtime    Last Run
---------------------------  -----  ---------  --------  ----------  --------------  -------------------
/opt/airflow/dags/my_dag.py                           1           0  0.08s           2024-07-19T09:05:48
================================================================================
[2024-07-19T09:06:29.171+0000] {manager.py:879} INFO - 
================================================================================
DAG File Processing Stats

File Path                    PID    Runtime      # DAGs    # Errors  Last Runtime    Last Run
---------------------------  -----  ---------  --------  ----------  --------------  -------------------
/opt/airflow/dags/my_dag.py                           1           0  0.10s           2024-07-19T09:06:18
================================================================================
[2024-07-19T09:06:59.362+0000] {manager.py:879} INFO - 
================================================================================
DAG File Processing Stats

File Path                    PID    Runtime      # DAGs    # Errors  Last Runtime    Last Run
---------------------------  -----  ---------  --------  ----------  --------------  -------------------
/opt/airflow/dags/my_dag.py                           1           0  0.09s           2024-07-19T09:06:48
================================================================================
[2024-07-19T09:07:29.558+0000] {manager.py:879} INFO - 
================================================================================
DAG File Processing Stats

File Path                    PID    Runtime      # DAGs    # Errors  Last Runtime    Last Run
---------------------------  -----  ---------  --------  ----------  --------------  -------------------
/opt/airflow/dags/my_dag.py                           1           0  0.08s           2024-07-19T09:07:14
================================================================================
[2024-07-19T09:07:59.682+0000] {manager.py:879} INFO - 
================================================================================
DAG File Processing Stats

File Path                    PID    Runtime      # DAGs    # Errors  Last Runtime    Last Run
---------------------------  -----  ---------  --------  ----------  --------------  -------------------
/opt/airflow/dags/my_dag.py                           1           0  0.11s           2024-07-19T09:07:44
================================================================================
[2024-07-19T09:08:29.863+0000] {manager.py:879} INFO - 
================================================================================
DAG File Processing Stats

File Path                    PID    Runtime      # DAGs    # Errors  Last Runtime    Last Run
---------------------------  -----  ---------  --------  ----------  --------------  -------------------
/opt/airflow/dags/my_dag.py                           1           0  0.09s           2024-07-19T09:08:14
================================================================================
[2024-07-19T09:08:47.941+0000] {manager.py:738} INFO - Searching for files in /opt/airflow/dags
[2024-07-19T09:08:47.943+0000] {manager.py:741} INFO - There are 1 files in /opt/airflow/dags
[2024-07-19T09:09:00.004+0000] {manager.py:879} INFO - 
================================================================================
DAG File Processing Stats

File Path                    PID    Runtime      # DAGs    # Errors  Last Runtime    Last Run
---------------------------  -----  ---------  --------  ----------  --------------  -------------------
/opt/airflow/dags/my_dag.py                           1           0  0.08s           2024-07-19T09:08:44
================================================================================
[2024-07-19T09:09:30.299+0000] {manager.py:879} INFO - 
================================================================================
DAG File Processing Stats

File Path                    PID    Runtime      # DAGs    # Errors  Last Runtime    Last Run
---------------------------  -----  ---------  --------  ----------  --------------  -------------------
/opt/airflow/dags/my_dag.py                           1           0  0.10s           2024-07-19T09:09:21
================================================================================
[2024-07-19T09:10:00.414+0000] {manager.py:879} INFO - 
================================================================================
DAG File Processing Stats

File Path                    PID    Runtime      # DAGs    # Errors  Last Runtime    Last Run
---------------------------  -----  ---------  --------  ----------  --------------  -------------------
/opt/airflow/dags/my_dag.py                           1           0  0.11s           2024-07-19T09:09:51
================================================================================
[2024-07-19T09:10:30.703+0000] {manager.py:879} INFO - 
================================================================================
DAG File Processing Stats

File Path                    PID    Runtime      # DAGs    # Errors  Last Runtime    Last Run
---------------------------  -----  ---------  --------  ----------  --------------  -------------------
/opt/airflow/dags/my_dag.py                           1           0  0.08s           2024-07-19T09:10:06
================================================================================
[2024-07-19T09:11:00.822+0000] {manager.py:879} INFO - 
================================================================================
DAG File Processing Stats

File Path                    PID    Runtime      # DAGs    # Errors  Last Runtime    Last Run
---------------------------  -----  ---------  --------  ----------  --------------  -------------------
/opt/airflow/dags/my_dag.py                           1           0  0.09s           2024-07-19T09:10:36
================================================================================
[2024-07-19T09:11:30.987+0000] {manager.py:879} INFO - 
================================================================================
DAG File Processing Stats

File Path                    PID    Runtime      # DAGs    # Errors  Last Runtime    Last Run
---------------------------  -----  ---------  --------  ----------  --------------  -------------------
/opt/airflow/dags/my_dag.py                           1           0  0.09s           2024-07-19T09:11:06
================================================================================
[2024-07-19T09:12:01.114+0000] {manager.py:879} INFO - 
================================================================================
DAG File Processing Stats

File Path                    PID    Runtime      # DAGs    # Errors  Last Runtime    Last Run
---------------------------  -----  ---------  --------  ----------  --------------  -------------------
/opt/airflow/dags/my_dag.py                           1           0  0.08s           2024-07-19T09:11:37
================================================================================
[2024-07-19T09:12:31.280+0000] {manager.py:879} INFO - 
================================================================================
DAG File Processing Stats

File Path                    PID    Runtime      # DAGs    # Errors  Last Runtime    Last Run
---------------------------  -----  ---------  --------  ----------  --------------  -------------------
/opt/airflow/dags/my_dag.py                           1           0  0.13s           2024-07-19T09:12:07
================================================================================
[2024-07-19T09:13:01.428+0000] {manager.py:879} INFO - 
================================================================================
DAG File Processing Stats

File Path                    PID    Runtime      # DAGs    # Errors  Last Runtime    Last Run
---------------------------  -----  ---------  --------  ----------  --------------  -------------------
/opt/airflow/dags/my_dag.py                           1           0  0.09s           2024-07-19T09:12:37
================================================================================
[2024-07-19T09:13:31.555+0000] {manager.py:879} INFO - 
================================================================================
DAG File Processing Stats

File Path                    PID    Runtime      # DAGs    # Errors  Last Runtime    Last Run
---------------------------  -----  ---------  --------  ----------  --------------  -------------------
/opt/airflow/dags/my_dag.py                           1           0  0.09s           2024-07-19T09:13:07
================================================================================
[2024-07-19T09:13:48.791+0000] {manager.py:738} INFO - Searching for files in /opt/airflow/dags
[2024-07-19T09:13:48.792+0000] {manager.py:741} INFO - There are 1 files in /opt/airflow/dags
[2024-07-19T09:14:01.854+0000] {manager.py:879} INFO - 
================================================================================
DAG File Processing Stats

File Path                    PID    Runtime      # DAGs    # Errors  Last Runtime    Last Run
---------------------------  -----  ---------  --------  ----------  --------------  -------------------
/opt/airflow/dags/my_dag.py                           0           1  0.05s           2024-07-19T09:13:42
================================================================================
[2024-07-19T09:14:31.971+0000] {manager.py:879} INFO - 
================================================================================
DAG File Processing Stats

File Path                    PID    Runtime      # DAGs    # Errors  Last Runtime    Last Run
---------------------------  -----  ---------  --------  ----------  --------------  -------------------
/opt/airflow/dags/my_dag.py                           0           1  0.04s           2024-07-19T09:14:12
================================================================================
[2024-07-19T09:15:02.125+0000] {manager.py:879} INFO - 
================================================================================
DAG File Processing Stats

File Path                    PID    Runtime      # DAGs    # Errors  Last Runtime    Last Run
---------------------------  -----  ---------  --------  ----------  --------------  -------------------
/opt/airflow/dags/my_dag.py                           1           0  0.07s           2024-07-19T09:14:55
================================================================================
[2024-07-19T09:15:32.277+0000] {manager.py:879} INFO - 
================================================================================
DAG File Processing Stats

File Path                    PID    Runtime      # DAGs    # Errors  Last Runtime    Last Run
---------------------------  -----  ---------  --------  ----------  --------------  -------------------
/opt/airflow/dags/my_dag.py                           1           0  0.11s           2024-07-19T09:15:25
================================================================================
[2024-07-19T09:16:02.450+0000] {manager.py:879} INFO - 
================================================================================
DAG File Processing Stats

File Path                    PID    Runtime      # DAGs    # Errors  Last Runtime    Last Run
---------------------------  -----  ---------  --------  ----------  --------------  -------------------
/opt/airflow/dags/my_dag.py                           1           0  0.08s           2024-07-19T09:15:55
================================================================================
[2024-07-19T09:16:32.565+0000] {manager.py:879} INFO - 
================================================================================
DAG File Processing Stats

File Path                    PID    Runtime      # DAGs    # Errors  Last Runtime    Last Run
---------------------------  -----  ---------  --------  ----------  --------------  -------------------
/opt/airflow/dags/my_dag.py                           1           0  0.07s           2024-07-19T09:16:25
================================================================================
[2024-07-19T09:17:02.868+0000] {manager.py:879} INFO - 
================================================================================
DAG File Processing Stats

File Path                    PID    Runtime      # DAGs    # Errors  Last Runtime    Last Run
---------------------------  -----  ---------  --------  ----------  --------------  -------------------
/opt/airflow/dags/my_dag.py                           1           0  0.09s           2024-07-19T09:16:41
================================================================================
[2024-07-19T09:17:33.005+0000] {manager.py:879} INFO - 
================================================================================
DAG File Processing Stats

File Path                    PID    Runtime      # DAGs    # Errors  Last Runtime    Last Run
---------------------------  -----  ---------  --------  ----------  --------------  -------------------
/opt/airflow/dags/my_dag.py                           1           0  0.08s           2024-07-19T09:17:11
================================================================================
[2024-07-19T09:18:03.144+0000] {manager.py:879} INFO - 
================================================================================
DAG File Processing Stats

File Path                    PID    Runtime      # DAGs    # Errors  Last Runtime    Last Run
---------------------------  -----  ---------  --------  ----------  --------------  -------------------
/opt/airflow/dags/my_dag.py                           1           0  0.09s           2024-07-19T09:17:42
================================================================================
[2024-07-19T09:18:33.294+0000] {manager.py:879} INFO - 
================================================================================
DAG File Processing Stats

File Path                    PID    Runtime      # DAGs    # Errors  Last Runtime    Last Run
---------------------------  -----  ---------  --------  ----------  --------------  -------------------
/opt/airflow/dags/my_dag.py                           1           0  0.08s           2024-07-19T09:18:12
================================================================================
[2024-07-19T09:18:49.363+0000] {manager.py:738} INFO - Searching for files in /opt/airflow/dags
[2024-07-19T09:18:49.364+0000] {manager.py:741} INFO - There are 1 files in /opt/airflow/dags
[2024-07-19T09:19:03.425+0000] {manager.py:879} INFO - 
================================================================================
DAG File Processing Stats

File Path                    PID    Runtime      # DAGs    # Errors  Last Runtime    Last Run
---------------------------  -----  ---------  --------  ----------  --------------  -------------------
/opt/airflow/dags/my_dag.py                           1           0  0.11s           2024-07-19T09:18:42
================================================================================
[2024-07-19T09:19:33.597+0000] {manager.py:879} INFO - 
================================================================================
DAG File Processing Stats

File Path                    PID    Runtime      # DAGs    # Errors  Last Runtime    Last Run
---------------------------  -----  ---------  --------  ----------  --------------  -------------------
/opt/airflow/dags/my_dag.py                           1           0  0.09s           2024-07-19T09:19:12
================================================================================
[2024-07-19T09:20:03.717+0000] {manager.py:879} INFO - 
================================================================================
DAG File Processing Stats

File Path                    PID    Runtime      # DAGs    # Errors  Last Runtime    Last Run
---------------------------  -----  ---------  --------  ----------  --------------  -------------------
/opt/airflow/dags/my_dag.py                           1           0  0.08s           2024-07-19T09:19:42
================================================================================
[2024-07-19T09:20:33.862+0000] {manager.py:879} INFO - 
================================================================================
DAG File Processing Stats

File Path                    PID    Runtime      # DAGs    # Errors  Last Runtime    Last Run
---------------------------  -----  ---------  --------  ----------  --------------  -------------------
/opt/airflow/dags/my_dag.py                           1           0  0.11s           2024-07-19T09:20:12
================================================================================
[2024-07-19T09:21:04.014+0000] {manager.py:879} INFO - 
================================================================================
DAG File Processing Stats

File Path                    PID    Runtime      # DAGs    # Errors  Last Runtime    Last Run
---------------------------  -----  ---------  --------  ----------  --------------  -------------------
/opt/airflow/dags/my_dag.py                           1           0  0.08s           2024-07-19T09:20:42
================================================================================
[2024-07-19T09:21:34.135+0000] {manager.py:879} INFO - 
================================================================================
DAG File Processing Stats

File Path                    PID    Runtime      # DAGs    # Errors  Last Runtime    Last Run
---------------------------  -----  ---------  --------  ----------  --------------  -------------------
/opt/airflow/dags/my_dag.py                           1           0  0.08s           2024-07-19T09:21:13
================================================================================
[2024-07-19T09:22:04.280+0000] {manager.py:879} INFO - 
================================================================================
DAG File Processing Stats

File Path                    PID    Runtime      # DAGs    # Errors  Last Runtime    Last Run
---------------------------  -----  ---------  --------  ----------  --------------  -------------------
/opt/airflow/dags/my_dag.py                           1           0  0.08s           2024-07-19T09:21:43
================================================================================
[2024-07-19T09:22:34.404+0000] {manager.py:879} INFO - 
================================================================================
DAG File Processing Stats

File Path                    PID    Runtime      # DAGs    # Errors  Last Runtime    Last Run
---------------------------  -----  ---------  --------  ----------  --------------  -------------------
/opt/airflow/dags/my_dag.py                           1           0  0.08s           2024-07-19T09:22:13
================================================================================
[2024-07-19T09:23:04.554+0000] {manager.py:879} INFO - 
================================================================================
DAG File Processing Stats

File Path                    PID    Runtime      # DAGs    # Errors  Last Runtime    Last Run
---------------------------  -----  ---------  --------  ----------  --------------  -------------------
/opt/airflow/dags/my_dag.py                           1           0  0.08s           2024-07-19T09:22:43
================================================================================
[2024-07-19T09:23:34.674+0000] {manager.py:879} INFO - 
================================================================================
DAG File Processing Stats

File Path                    PID    Runtime      # DAGs    # Errors  Last Runtime    Last Run
---------------------------  -----  ---------  --------  ----------  --------------  -------------------
/opt/airflow/dags/my_dag.py                           1           0  0.08s           2024-07-19T09:23:13
================================================================================
[2024-07-19T09:23:49.767+0000] {manager.py:738} INFO - Searching for files in /opt/airflow/dags
[2024-07-19T09:23:49.769+0000] {manager.py:741} INFO - There are 1 files in /opt/airflow/dags
[2024-07-19T09:24:04.838+0000] {manager.py:879} INFO - 
================================================================================
DAG File Processing Stats

File Path                    PID    Runtime      # DAGs    # Errors  Last Runtime    Last Run
---------------------------  -----  ---------  --------  ----------  --------------  -------------------
/opt/airflow/dags/my_dag.py                           1           0  0.08s           2024-07-19T09:23:43
================================================================================
[2024-07-19T09:24:34.948+0000] {manager.py:879} INFO - 
================================================================================
DAG File Processing Stats

File Path                    PID    Runtime      # DAGs    # Errors  Last Runtime    Last Run
---------------------------  -----  ---------  --------  ----------  --------------  -------------------
/opt/airflow/dags/my_dag.py                           1           0  0.12s           2024-07-19T09:24:13
================================================================================
[2024-07-19T09:25:05.172+0000] {manager.py:879} INFO - 
================================================================================
DAG File Processing Stats

File Path                    PID    Runtime      # DAGs    # Errors  Last Runtime    Last Run
---------------------------  -----  ---------  --------  ----------  --------------  -------------------
/opt/airflow/dags/my_dag.py                           1           0  0.07s           2024-07-19T09:24:44
================================================================================
[2024-07-19T09:25:35.311+0000] {manager.py:879} INFO - 
================================================================================
DAG File Processing Stats

File Path                    PID    Runtime      # DAGs    # Errors  Last Runtime    Last Run
---------------------------  -----  ---------  --------  ----------  --------------  -------------------
/opt/airflow/dags/my_dag.py                           1           0  0.07s           2024-07-19T09:25:14
================================================================================
[2024-07-19T09:26:05.440+0000] {manager.py:879} INFO - 
================================================================================
DAG File Processing Stats

File Path                    PID    Runtime      # DAGs    # Errors  Last Runtime    Last Run
---------------------------  -----  ---------  --------  ----------  --------------  -------------------
/opt/airflow/dags/my_dag.py                           1           0  0.07s           2024-07-19T09:25:44
================================================================================
[2024-07-19T09:26:35.574+0000] {manager.py:879} INFO - 
================================================================================
DAG File Processing Stats

File Path                    PID    Runtime      # DAGs    # Errors  Last Runtime    Last Run
---------------------------  -----  ---------  --------  ----------  --------------  -------------------
/opt/airflow/dags/my_dag.py                           1           0  0.08s           2024-07-19T09:26:14
================================================================================
[2024-07-19T09:27:05.716+0000] {manager.py:879} INFO - 
================================================================================
DAG File Processing Stats

File Path                    PID    Runtime      # DAGs    # Errors  Last Runtime    Last Run
---------------------------  -----  ---------  --------  ----------  --------------  -------------------
/opt/airflow/dags/my_dag.py                           1           0  0.08s           2024-07-19T09:26:54
================================================================================
