[2024-07-19T09:03:47.090+0000] {processor.py:161} INFO - Started process (PID=1947) to work on /opt/airflow/dags/my_dag.py
[2024-07-19T09:03:47.091+0000] {processor.py:830} INFO - Processing file /opt/airflow/dags/my_dag.py for tasks to queue
[2024-07-19T09:03:47.092+0000] {logging_mixin.py:188} INFO - [2024-07-19T09:03:47.092+0000] {dagbag.py:540} INFO - Filling up the DagBag from /opt/airflow/dags/my_dag.py
[2024-07-19T09:03:47.107+0000] {processor.py:840} INFO - DAG(s) 'example_spark_operator' retrieved from /opt/airflow/dags/my_dag.py
[2024-07-19T09:03:47.389+0000] {logging_mixin.py:188} INFO - [2024-07-19T09:03:47.389+0000] {override.py:1769} INFO - Created Permission View: can read on DAG:example_spark_operator
[2024-07-19T09:03:47.403+0000] {logging_mixin.py:188} INFO - [2024-07-19T09:03:47.403+0000] {override.py:1769} INFO - Created Permission View: can delete on DAG:example_spark_operator
[2024-07-19T09:03:47.414+0000] {logging_mixin.py:188} INFO - [2024-07-19T09:03:47.414+0000] {override.py:1769} INFO - Created Permission View: can edit on DAG:example_spark_operator
[2024-07-19T09:03:47.415+0000] {logging_mixin.py:188} INFO - [2024-07-19T09:03:47.415+0000] {dag.py:3047} INFO - Sync 1 DAGs
[2024-07-19T09:03:47.423+0000] {logging_mixin.py:188} INFO - [2024-07-19T09:03:47.423+0000] {dag.py:3069} INFO - Creating ORM DAG for example_spark_operator
[2024-07-19T09:03:47.424+0000] {logging_mixin.py:188} INFO - [2024-07-19T09:03:47.424+0000] {dag.py:3834} INFO - Setting next_dagrun for example_spark_operator to None, run_after=None
[2024-07-19T09:03:47.444+0000] {processor.py:183} INFO - Processing /opt/airflow/dags/my_dag.py took 0.356 seconds
[2024-07-19T09:04:17.557+0000] {processor.py:161} INFO - Started process (PID=1962) to work on /opt/airflow/dags/my_dag.py
[2024-07-19T09:04:17.558+0000] {processor.py:830} INFO - Processing file /opt/airflow/dags/my_dag.py for tasks to queue
[2024-07-19T09:04:17.559+0000] {logging_mixin.py:188} INFO - [2024-07-19T09:04:17.559+0000] {dagbag.py:540} INFO - Filling up the DagBag from /opt/airflow/dags/my_dag.py
[2024-07-19T09:04:17.568+0000] {processor.py:840} INFO - DAG(s) 'example_spark_operator' retrieved from /opt/airflow/dags/my_dag.py
[2024-07-19T09:04:17.589+0000] {logging_mixin.py:188} INFO - [2024-07-19T09:04:17.589+0000] {dag.py:3047} INFO - Sync 1 DAGs
[2024-07-19T09:04:17.602+0000] {logging_mixin.py:188} INFO - [2024-07-19T09:04:17.601+0000] {dag.py:3834} INFO - Setting next_dagrun for example_spark_operator to None, run_after=None
[2024-07-19T09:04:17.623+0000] {processor.py:183} INFO - Processing /opt/airflow/dags/my_dag.py took 0.069 seconds
[2024-07-19T09:04:47.672+0000] {processor.py:161} INFO - Started process (PID=1984) to work on /opt/airflow/dags/my_dag.py
[2024-07-19T09:04:47.672+0000] {processor.py:830} INFO - Processing file /opt/airflow/dags/my_dag.py for tasks to queue
[2024-07-19T09:04:47.674+0000] {logging_mixin.py:188} INFO - [2024-07-19T09:04:47.674+0000] {dagbag.py:540} INFO - Filling up the DagBag from /opt/airflow/dags/my_dag.py
[2024-07-19T09:04:47.682+0000] {processor.py:840} INFO - DAG(s) 'example_spark_operator' retrieved from /opt/airflow/dags/my_dag.py
[2024-07-19T09:04:47.706+0000] {logging_mixin.py:188} INFO - [2024-07-19T09:04:47.705+0000] {dag.py:3047} INFO - Sync 1 DAGs
[2024-07-19T09:04:47.717+0000] {logging_mixin.py:188} INFO - [2024-07-19T09:04:47.717+0000] {dag.py:3834} INFO - Setting next_dagrun for example_spark_operator to None, run_after=None
[2024-07-19T09:04:47.737+0000] {processor.py:183} INFO - Processing /opt/airflow/dags/my_dag.py took 0.068 seconds
[2024-07-19T09:05:17.837+0000] {processor.py:161} INFO - Started process (PID=1999) to work on /opt/airflow/dags/my_dag.py
[2024-07-19T09:05:17.838+0000] {processor.py:830} INFO - Processing file /opt/airflow/dags/my_dag.py for tasks to queue
[2024-07-19T09:05:17.841+0000] {logging_mixin.py:188} INFO - [2024-07-19T09:05:17.840+0000] {dagbag.py:540} INFO - Filling up the DagBag from /opt/airflow/dags/my_dag.py
[2024-07-19T09:05:17.851+0000] {processor.py:840} INFO - DAG(s) 'example_spark_operator' retrieved from /opt/airflow/dags/my_dag.py
[2024-07-19T09:05:17.879+0000] {logging_mixin.py:188} INFO - [2024-07-19T09:05:17.879+0000] {dag.py:3047} INFO - Sync 1 DAGs
[2024-07-19T09:05:17.894+0000] {logging_mixin.py:188} INFO - [2024-07-19T09:05:17.893+0000] {dag.py:3834} INFO - Setting next_dagrun for example_spark_operator to None, run_after=None
[2024-07-19T09:05:17.920+0000] {processor.py:183} INFO - Processing /opt/airflow/dags/my_dag.py took 0.086 seconds
[2024-07-19T09:05:47.948+0000] {processor.py:161} INFO - Started process (PID=2021) to work on /opt/airflow/dags/my_dag.py
[2024-07-19T09:05:47.949+0000] {processor.py:830} INFO - Processing file /opt/airflow/dags/my_dag.py for tasks to queue
[2024-07-19T09:05:47.951+0000] {logging_mixin.py:188} INFO - [2024-07-19T09:05:47.950+0000] {dagbag.py:540} INFO - Filling up the DagBag from /opt/airflow/dags/my_dag.py
[2024-07-19T09:05:47.958+0000] {processor.py:840} INFO - DAG(s) 'example_spark_operator' retrieved from /opt/airflow/dags/my_dag.py
[2024-07-19T09:05:47.983+0000] {logging_mixin.py:188} INFO - [2024-07-19T09:05:47.982+0000] {dag.py:3047} INFO - Sync 1 DAGs
[2024-07-19T09:05:47.996+0000] {logging_mixin.py:188} INFO - [2024-07-19T09:05:47.996+0000] {dag.py:3834} INFO - Setting next_dagrun for example_spark_operator to None, run_after=None
[2024-07-19T09:05:48.017+0000] {processor.py:183} INFO - Processing /opt/airflow/dags/my_dag.py took 0.072 seconds
[2024-07-19T09:06:18.134+0000] {processor.py:161} INFO - Started process (PID=2036) to work on /opt/airflow/dags/my_dag.py
[2024-07-19T09:06:18.135+0000] {processor.py:830} INFO - Processing file /opt/airflow/dags/my_dag.py for tasks to queue
[2024-07-19T09:06:18.138+0000] {logging_mixin.py:188} INFO - [2024-07-19T09:06:18.137+0000] {dagbag.py:540} INFO - Filling up the DagBag from /opt/airflow/dags/my_dag.py
[2024-07-19T09:06:18.147+0000] {processor.py:840} INFO - DAG(s) 'example_spark_operator' retrieved from /opt/airflow/dags/my_dag.py
[2024-07-19T09:06:18.177+0000] {logging_mixin.py:188} INFO - [2024-07-19T09:06:18.177+0000] {dag.py:3047} INFO - Sync 1 DAGs
[2024-07-19T09:06:18.192+0000] {logging_mixin.py:188} INFO - [2024-07-19T09:06:18.192+0000] {dag.py:3834} INFO - Setting next_dagrun for example_spark_operator to None, run_after=None
[2024-07-19T09:06:18.218+0000] {processor.py:183} INFO - Processing /opt/airflow/dags/my_dag.py took 0.087 seconds
[2024-07-19T09:06:48.249+0000] {processor.py:161} INFO - Started process (PID=2058) to work on /opt/airflow/dags/my_dag.py
[2024-07-19T09:06:48.250+0000] {processor.py:830} INFO - Processing file /opt/airflow/dags/my_dag.py for tasks to queue
[2024-07-19T09:06:48.252+0000] {logging_mixin.py:188} INFO - [2024-07-19T09:06:48.251+0000] {dagbag.py:540} INFO - Filling up the DagBag from /opt/airflow/dags/my_dag.py
[2024-07-19T09:06:48.261+0000] {processor.py:840} INFO - DAG(s) 'example_spark_operator' retrieved from /opt/airflow/dags/my_dag.py
[2024-07-19T09:06:48.289+0000] {logging_mixin.py:188} INFO - [2024-07-19T09:06:48.288+0000] {dag.py:3047} INFO - Sync 1 DAGs
[2024-07-19T09:06:48.301+0000] {logging_mixin.py:188} INFO - [2024-07-19T09:06:48.301+0000] {dag.py:3834} INFO - Setting next_dagrun for example_spark_operator to None, run_after=None
[2024-07-19T09:06:48.324+0000] {processor.py:183} INFO - Processing /opt/airflow/dags/my_dag.py took 0.078 seconds
[2024-07-19T09:07:12.417+0000] {processor.py:161} INFO - Started process (PID=2073) to work on /opt/airflow/dags/my_dag.py
[2024-07-19T09:07:12.417+0000] {processor.py:830} INFO - Processing file /opt/airflow/dags/my_dag.py for tasks to queue
[2024-07-19T09:07:12.419+0000] {logging_mixin.py:188} INFO - [2024-07-19T09:07:12.418+0000] {dagbag.py:540} INFO - Filling up the DagBag from /opt/airflow/dags/my_dag.py
[2024-07-19T09:07:12.428+0000] {processor.py:840} INFO - DAG(s) 'example_spark_operator' retrieved from /opt/airflow/dags/my_dag.py
[2024-07-19T09:07:12.454+0000] {logging_mixin.py:188} INFO - [2024-07-19T09:07:12.453+0000] {dag.py:3047} INFO - Sync 1 DAGs
[2024-07-19T09:07:12.467+0000] {logging_mixin.py:188} INFO - [2024-07-19T09:07:12.466+0000] {dag.py:3834} INFO - Setting next_dagrun for example_spark_operator to None, run_after=None
[2024-07-19T09:07:12.489+0000] {processor.py:183} INFO - Processing /opt/airflow/dags/my_dag.py took 0.074 seconds
[2024-07-19T09:07:13.429+0000] {processor.py:161} INFO - Started process (PID=2074) to work on /opt/airflow/dags/my_dag.py
[2024-07-19T09:07:13.430+0000] {processor.py:830} INFO - Processing file /opt/airflow/dags/my_dag.py for tasks to queue
[2024-07-19T09:07:13.432+0000] {logging_mixin.py:188} INFO - [2024-07-19T09:07:13.431+0000] {dagbag.py:540} INFO - Filling up the DagBag from /opt/airflow/dags/my_dag.py
[2024-07-19T09:07:13.440+0000] {processor.py:840} INFO - DAG(s) 'example_spark_operator' retrieved from /opt/airflow/dags/my_dag.py
[2024-07-19T09:07:13.460+0000] {logging_mixin.py:188} INFO - [2024-07-19T09:07:13.460+0000] {dag.py:3047} INFO - Sync 1 DAGs
[2024-07-19T09:07:13.471+0000] {logging_mixin.py:188} INFO - [2024-07-19T09:07:13.470+0000] {dag.py:3834} INFO - Setting next_dagrun for example_spark_operator to None, run_after=None
[2024-07-19T09:07:13.493+0000] {processor.py:183} INFO - Processing /opt/airflow/dags/my_dag.py took 0.066 seconds
[2024-07-19T09:07:14.437+0000] {processor.py:161} INFO - Started process (PID=2075) to work on /opt/airflow/dags/my_dag.py
[2024-07-19T09:07:14.438+0000] {processor.py:830} INFO - Processing file /opt/airflow/dags/my_dag.py for tasks to queue
[2024-07-19T09:07:14.440+0000] {logging_mixin.py:188} INFO - [2024-07-19T09:07:14.440+0000] {dagbag.py:540} INFO - Filling up the DagBag from /opt/airflow/dags/my_dag.py
[2024-07-19T09:07:14.447+0000] {processor.py:840} INFO - DAG(s) 'example_spark_operator' retrieved from /opt/airflow/dags/my_dag.py
[2024-07-19T09:07:14.467+0000] {logging_mixin.py:188} INFO - [2024-07-19T09:07:14.467+0000] {dag.py:3047} INFO - Sync 1 DAGs
[2024-07-19T09:07:14.478+0000] {logging_mixin.py:188} INFO - [2024-07-19T09:07:14.478+0000] {dag.py:3834} INFO - Setting next_dagrun for example_spark_operator to None, run_after=None
[2024-07-19T09:07:14.502+0000] {processor.py:183} INFO - Processing /opt/airflow/dags/my_dag.py took 0.067 seconds
[2024-07-19T09:07:44.626+0000] {processor.py:161} INFO - Started process (PID=2090) to work on /opt/airflow/dags/my_dag.py
[2024-07-19T09:07:44.627+0000] {processor.py:830} INFO - Processing file /opt/airflow/dags/my_dag.py for tasks to queue
[2024-07-19T09:07:44.629+0000] {logging_mixin.py:188} INFO - [2024-07-19T09:07:44.628+0000] {dagbag.py:540} INFO - Filling up the DagBag from /opt/airflow/dags/my_dag.py
[2024-07-19T09:07:44.638+0000] {processor.py:840} INFO - DAG(s) 'example_spark_operator' retrieved from /opt/airflow/dags/my_dag.py
[2024-07-19T09:07:44.664+0000] {logging_mixin.py:188} INFO - [2024-07-19T09:07:44.664+0000] {dag.py:3047} INFO - Sync 1 DAGs
[2024-07-19T09:07:44.679+0000] {logging_mixin.py:188} INFO - [2024-07-19T09:07:44.678+0000] {dag.py:3834} INFO - Setting next_dagrun for example_spark_operator to None, run_after=None
[2024-07-19T09:07:44.706+0000] {processor.py:183} INFO - Processing /opt/airflow/dags/my_dag.py took 0.083 seconds
[2024-07-19T09:08:14.744+0000] {processor.py:161} INFO - Started process (PID=2113) to work on /opt/airflow/dags/my_dag.py
[2024-07-19T09:08:14.745+0000] {processor.py:830} INFO - Processing file /opt/airflow/dags/my_dag.py for tasks to queue
[2024-07-19T09:08:14.746+0000] {logging_mixin.py:188} INFO - [2024-07-19T09:08:14.746+0000] {dagbag.py:540} INFO - Filling up the DagBag from /opt/airflow/dags/my_dag.py
[2024-07-19T09:08:14.754+0000] {processor.py:840} INFO - DAG(s) 'example_spark_operator' retrieved from /opt/airflow/dags/my_dag.py
[2024-07-19T09:08:14.778+0000] {logging_mixin.py:188} INFO - [2024-07-19T09:08:14.777+0000] {dag.py:3047} INFO - Sync 1 DAGs
[2024-07-19T09:08:14.789+0000] {logging_mixin.py:188} INFO - [2024-07-19T09:08:14.788+0000] {dag.py:3834} INFO - Setting next_dagrun for example_spark_operator to None, run_after=None
[2024-07-19T09:08:14.819+0000] {processor.py:183} INFO - Processing /opt/airflow/dags/my_dag.py took 0.078 seconds
[2024-07-19T09:08:44.924+0000] {processor.py:161} INFO - Started process (PID=2129) to work on /opt/airflow/dags/my_dag.py
[2024-07-19T09:08:44.924+0000] {processor.py:830} INFO - Processing file /opt/airflow/dags/my_dag.py for tasks to queue
[2024-07-19T09:08:44.926+0000] {logging_mixin.py:188} INFO - [2024-07-19T09:08:44.925+0000] {dagbag.py:540} INFO - Filling up the DagBag from /opt/airflow/dags/my_dag.py
[2024-07-19T09:08:44.933+0000] {processor.py:840} INFO - DAG(s) 'example_spark_operator' retrieved from /opt/airflow/dags/my_dag.py
[2024-07-19T09:08:44.953+0000] {logging_mixin.py:188} INFO - [2024-07-19T09:08:44.953+0000] {dag.py:3047} INFO - Sync 1 DAGs
[2024-07-19T09:08:44.964+0000] {logging_mixin.py:188} INFO - [2024-07-19T09:08:44.963+0000] {dag.py:3834} INFO - Setting next_dagrun for example_spark_operator to None, run_after=None
[2024-07-19T09:08:44.989+0000] {processor.py:183} INFO - Processing /opt/airflow/dags/my_dag.py took 0.068 seconds
[2024-07-19T09:09:15.073+0000] {processor.py:161} INFO - Started process (PID=2153) to work on /opt/airflow/dags/my_dag.py
[2024-07-19T09:09:15.074+0000] {processor.py:830} INFO - Processing file /opt/airflow/dags/my_dag.py for tasks to queue
[2024-07-19T09:09:15.075+0000] {logging_mixin.py:188} INFO - [2024-07-19T09:09:15.075+0000] {dagbag.py:540} INFO - Filling up the DagBag from /opt/airflow/dags/my_dag.py
[2024-07-19T09:09:15.083+0000] {processor.py:840} INFO - DAG(s) 'example_spark_operator' retrieved from /opt/airflow/dags/my_dag.py
[2024-07-19T09:09:15.102+0000] {logging_mixin.py:188} INFO - [2024-07-19T09:09:15.101+0000] {dag.py:3047} INFO - Sync 1 DAGs
[2024-07-19T09:09:15.111+0000] {logging_mixin.py:188} INFO - [2024-07-19T09:09:15.111+0000] {dag.py:3834} INFO - Setting next_dagrun for example_spark_operator to None, run_after=None
[2024-07-19T09:09:15.131+0000] {processor.py:183} INFO - Processing /opt/airflow/dags/my_dag.py took 0.062 seconds
[2024-07-19T09:09:19.101+0000] {processor.py:161} INFO - Started process (PID=2154) to work on /opt/airflow/dags/my_dag.py
[2024-07-19T09:09:19.102+0000] {processor.py:830} INFO - Processing file /opt/airflow/dags/my_dag.py for tasks to queue
[2024-07-19T09:09:19.103+0000] {logging_mixin.py:188} INFO - [2024-07-19T09:09:19.103+0000] {dagbag.py:540} INFO - Filling up the DagBag from /opt/airflow/dags/my_dag.py
[2024-07-19T09:09:19.111+0000] {processor.py:840} INFO - DAG(s) 'example_spark_operator' retrieved from /opt/airflow/dags/my_dag.py
[2024-07-19T09:09:19.208+0000] {logging_mixin.py:188} INFO - [2024-07-19T09:09:19.208+0000] {dag.py:3047} INFO - Sync 1 DAGs
[2024-07-19T09:09:19.233+0000] {logging_mixin.py:188} INFO - [2024-07-19T09:09:19.233+0000] {dag.py:3834} INFO - Setting next_dagrun for example_spark_operator to 2024-07-18 00:00:00+00:00, run_after=2024-07-19 00:00:00+00:00
[2024-07-19T09:09:19.258+0000] {processor.py:183} INFO - Processing /opt/airflow/dags/my_dag.py took 0.160 seconds
[2024-07-19T09:09:20.171+0000] {processor.py:161} INFO - Started process (PID=2155) to work on /opt/airflow/dags/my_dag.py
[2024-07-19T09:09:20.172+0000] {processor.py:830} INFO - Processing file /opt/airflow/dags/my_dag.py for tasks to queue
[2024-07-19T09:09:20.174+0000] {logging_mixin.py:188} INFO - [2024-07-19T09:09:20.174+0000] {dagbag.py:540} INFO - Filling up the DagBag from /opt/airflow/dags/my_dag.py
[2024-07-19T09:09:20.186+0000] {processor.py:840} INFO - DAG(s) 'example_spark_operator' retrieved from /opt/airflow/dags/my_dag.py
[2024-07-19T09:09:20.203+0000] {logging_mixin.py:188} INFO - [2024-07-19T09:09:20.202+0000] {dag.py:3047} INFO - Sync 1 DAGs
[2024-07-19T09:09:20.223+0000] {logging_mixin.py:188} INFO - [2024-07-19T09:09:20.222+0000] {dag.py:3834} INFO - Setting next_dagrun for example_spark_operator to 2024-07-19 00:00:00+00:00, run_after=2024-07-20 00:00:00+00:00
[2024-07-19T09:09:20.249+0000] {processor.py:183} INFO - Processing /opt/airflow/dags/my_dag.py took 0.082 seconds
[2024-07-19T09:09:21.182+0000] {processor.py:161} INFO - Started process (PID=2156) to work on /opt/airflow/dags/my_dag.py
[2024-07-19T09:09:21.183+0000] {processor.py:830} INFO - Processing file /opt/airflow/dags/my_dag.py for tasks to queue
[2024-07-19T09:09:21.185+0000] {logging_mixin.py:188} INFO - [2024-07-19T09:09:21.185+0000] {dagbag.py:540} INFO - Filling up the DagBag from /opt/airflow/dags/my_dag.py
[2024-07-19T09:09:21.197+0000] {processor.py:840} INFO - DAG(s) 'example_spark_operator' retrieved from /opt/airflow/dags/my_dag.py
[2024-07-19T09:09:21.211+0000] {logging_mixin.py:188} INFO - [2024-07-19T09:09:21.210+0000] {dag.py:3047} INFO - Sync 1 DAGs
[2024-07-19T09:09:21.236+0000] {logging_mixin.py:188} INFO - [2024-07-19T09:09:21.235+0000] {dag.py:3834} INFO - Setting next_dagrun for example_spark_operator to 2024-07-19 00:00:00+00:00, run_after=2024-07-20 00:00:00+00:00
[2024-07-19T09:09:21.262+0000] {processor.py:183} INFO - Processing /opt/airflow/dags/my_dag.py took 0.084 seconds
[2024-07-19T09:09:51.382+0000] {processor.py:161} INFO - Started process (PID=2181) to work on /opt/airflow/dags/my_dag.py
[2024-07-19T09:09:51.383+0000] {processor.py:830} INFO - Processing file /opt/airflow/dags/my_dag.py for tasks to queue
[2024-07-19T09:09:51.384+0000] {logging_mixin.py:188} INFO - [2024-07-19T09:09:51.384+0000] {dagbag.py:540} INFO - Filling up the DagBag from /opt/airflow/dags/my_dag.py
[2024-07-19T09:09:51.391+0000] {processor.py:840} INFO - DAG(s) 'example_spark_operator' retrieved from /opt/airflow/dags/my_dag.py
[2024-07-19T09:09:51.415+0000] {logging_mixin.py:188} INFO - [2024-07-19T09:09:51.414+0000] {dag.py:3047} INFO - Sync 1 DAGs
[2024-07-19T09:09:51.435+0000] {logging_mixin.py:188} INFO - [2024-07-19T09:09:51.434+0000] {dag.py:3834} INFO - Setting next_dagrun for example_spark_operator to 2024-07-19 00:00:00+00:00, run_after=2024-07-20 00:00:00+00:00
[2024-07-19T09:09:51.470+0000] {processor.py:183} INFO - Processing /opt/airflow/dags/my_dag.py took 0.090 seconds
[2024-07-19T09:10:02.431+0000] {processor.py:161} INFO - Started process (PID=2190) to work on /opt/airflow/dags/my_dag.py
[2024-07-19T09:10:02.432+0000] {processor.py:830} INFO - Processing file /opt/airflow/dags/my_dag.py for tasks to queue
[2024-07-19T09:10:02.433+0000] {logging_mixin.py:188} INFO - [2024-07-19T09:10:02.433+0000] {dagbag.py:540} INFO - Filling up the DagBag from /opt/airflow/dags/my_dag.py
[2024-07-19T09:10:02.441+0000] {processor.py:840} INFO - DAG(s) 'spark_operator' retrieved from /opt/airflow/dags/my_dag.py
[2024-07-19T09:10:02.549+0000] {logging_mixin.py:188} INFO - [2024-07-19T09:10:02.548+0000] {override.py:1769} INFO - Created Permission View: can read on DAG:spark_operator
[2024-07-19T09:10:02.566+0000] {logging_mixin.py:188} INFO - [2024-07-19T09:10:02.566+0000] {override.py:1769} INFO - Created Permission View: can delete on DAG:spark_operator
[2024-07-19T09:10:02.579+0000] {logging_mixin.py:188} INFO - [2024-07-19T09:10:02.578+0000] {override.py:1769} INFO - Created Permission View: can edit on DAG:spark_operator
[2024-07-19T09:10:02.579+0000] {logging_mixin.py:188} INFO - [2024-07-19T09:10:02.579+0000] {dag.py:3047} INFO - Sync 1 DAGs
[2024-07-19T09:10:02.593+0000] {logging_mixin.py:188} INFO - [2024-07-19T09:10:02.592+0000] {dag.py:3069} INFO - Creating ORM DAG for spark_operator
[2024-07-19T09:10:02.604+0000] {logging_mixin.py:188} INFO - [2024-07-19T09:10:02.604+0000] {dag.py:3834} INFO - Setting next_dagrun for spark_operator to 2024-07-18 00:00:00+00:00, run_after=2024-07-19 00:00:00+00:00
[2024-07-19T09:10:02.624+0000] {processor.py:183} INFO - Processing /opt/airflow/dags/my_dag.py took 0.195 seconds
[2024-07-19T09:10:03.529+0000] {processor.py:161} INFO - Started process (PID=2191) to work on /opt/airflow/dags/my_dag.py
[2024-07-19T09:10:03.530+0000] {processor.py:830} INFO - Processing file /opt/airflow/dags/my_dag.py for tasks to queue
[2024-07-19T09:10:03.531+0000] {logging_mixin.py:188} INFO - [2024-07-19T09:10:03.531+0000] {dagbag.py:540} INFO - Filling up the DagBag from /opt/airflow/dags/my_dag.py
[2024-07-19T09:10:03.540+0000] {processor.py:840} INFO - DAG(s) 'spark_operator' retrieved from /opt/airflow/dags/my_dag.py
[2024-07-19T09:10:03.552+0000] {logging_mixin.py:188} INFO - [2024-07-19T09:10:03.552+0000] {dag.py:3047} INFO - Sync 1 DAGs
[2024-07-19T09:10:03.573+0000] {logging_mixin.py:188} INFO - [2024-07-19T09:10:03.572+0000] {dag.py:3834} INFO - Setting next_dagrun for spark_operator to 2024-07-18 00:00:00+00:00, run_after=2024-07-19 00:00:00+00:00
[2024-07-19T09:10:03.596+0000] {processor.py:183} INFO - Processing /opt/airflow/dags/my_dag.py took 0.069 seconds
[2024-07-19T09:10:05.541+0000] {processor.py:161} INFO - Started process (PID=2192) to work on /opt/airflow/dags/my_dag.py
[2024-07-19T09:10:05.542+0000] {processor.py:830} INFO - Processing file /opt/airflow/dags/my_dag.py for tasks to queue
[2024-07-19T09:10:05.543+0000] {logging_mixin.py:188} INFO - [2024-07-19T09:10:05.543+0000] {dagbag.py:540} INFO - Filling up the DagBag from /opt/airflow/dags/my_dag.py
[2024-07-19T09:10:05.551+0000] {processor.py:840} INFO - DAG(s) 'spark_operator' retrieved from /opt/airflow/dags/my_dag.py
[2024-07-19T09:10:05.561+0000] {logging_mixin.py:188} INFO - [2024-07-19T09:10:05.561+0000] {dag.py:3047} INFO - Sync 1 DAGs
[2024-07-19T09:10:05.580+0000] {logging_mixin.py:188} INFO - [2024-07-19T09:10:05.580+0000] {dag.py:3834} INFO - Setting next_dagrun for spark_operator to 2024-07-18 00:00:00+00:00, run_after=2024-07-19 00:00:00+00:00
[2024-07-19T09:10:05.602+0000] {processor.py:183} INFO - Processing /opt/airflow/dags/my_dag.py took 0.063 seconds
[2024-07-19T09:10:06.549+0000] {processor.py:161} INFO - Started process (PID=2193) to work on /opt/airflow/dags/my_dag.py
[2024-07-19T09:10:06.550+0000] {processor.py:830} INFO - Processing file /opt/airflow/dags/my_dag.py for tasks to queue
[2024-07-19T09:10:06.552+0000] {logging_mixin.py:188} INFO - [2024-07-19T09:10:06.551+0000] {dagbag.py:540} INFO - Filling up the DagBag from /opt/airflow/dags/my_dag.py
[2024-07-19T09:10:06.560+0000] {processor.py:840} INFO - DAG(s) 'spark_operator' retrieved from /opt/airflow/dags/my_dag.py
[2024-07-19T09:10:06.570+0000] {logging_mixin.py:188} INFO - [2024-07-19T09:10:06.570+0000] {dag.py:3047} INFO - Sync 1 DAGs
[2024-07-19T09:10:06.588+0000] {logging_mixin.py:188} INFO - [2024-07-19T09:10:06.588+0000] {dag.py:3834} INFO - Setting next_dagrun for spark_operator to 2024-07-18 00:00:00+00:00, run_after=2024-07-19 00:00:00+00:00
[2024-07-19T09:10:06.609+0000] {processor.py:183} INFO - Processing /opt/airflow/dags/my_dag.py took 0.063 seconds
[2024-07-19T09:10:36.734+0000] {processor.py:161} INFO - Started process (PID=2209) to work on /opt/airflow/dags/my_dag.py
[2024-07-19T09:10:36.734+0000] {processor.py:830} INFO - Processing file /opt/airflow/dags/my_dag.py for tasks to queue
[2024-07-19T09:10:36.736+0000] {logging_mixin.py:188} INFO - [2024-07-19T09:10:36.736+0000] {dagbag.py:540} INFO - Filling up the DagBag from /opt/airflow/dags/my_dag.py
[2024-07-19T09:10:36.744+0000] {processor.py:840} INFO - DAG(s) 'spark_operator' retrieved from /opt/airflow/dags/my_dag.py
[2024-07-19T09:10:36.768+0000] {logging_mixin.py:188} INFO - [2024-07-19T09:10:36.768+0000] {dag.py:3047} INFO - Sync 1 DAGs
[2024-07-19T09:10:36.787+0000] {logging_mixin.py:188} INFO - [2024-07-19T09:10:36.787+0000] {dag.py:3834} INFO - Setting next_dagrun for spark_operator to 2024-07-18 00:00:00+00:00, run_after=2024-07-19 00:00:00+00:00
[2024-07-19T09:10:36.808+0000] {processor.py:183} INFO - Processing /opt/airflow/dags/my_dag.py took 0.077 seconds
[2024-07-19T09:11:06.854+0000] {processor.py:161} INFO - Started process (PID=2235) to work on /opt/airflow/dags/my_dag.py
[2024-07-19T09:11:06.855+0000] {processor.py:830} INFO - Processing file /opt/airflow/dags/my_dag.py for tasks to queue
[2024-07-19T09:11:06.856+0000] {logging_mixin.py:188} INFO - [2024-07-19T09:11:06.856+0000] {dagbag.py:540} INFO - Filling up the DagBag from /opt/airflow/dags/my_dag.py
[2024-07-19T09:11:06.864+0000] {processor.py:840} INFO - DAG(s) 'spark_operator' retrieved from /opt/airflow/dags/my_dag.py
[2024-07-19T09:11:06.885+0000] {logging_mixin.py:188} INFO - [2024-07-19T09:11:06.885+0000] {dag.py:3047} INFO - Sync 1 DAGs
[2024-07-19T09:11:06.904+0000] {logging_mixin.py:188} INFO - [2024-07-19T09:11:06.904+0000] {dag.py:3834} INFO - Setting next_dagrun for spark_operator to 2024-07-19 00:00:00+00:00, run_after=2024-07-20 00:00:00+00:00
[2024-07-19T09:11:06.923+0000] {processor.py:183} INFO - Processing /opt/airflow/dags/my_dag.py took 0.072 seconds
[2024-07-19T09:11:37.016+0000] {processor.py:161} INFO - Started process (PID=2251) to work on /opt/airflow/dags/my_dag.py
[2024-07-19T09:11:37.017+0000] {processor.py:830} INFO - Processing file /opt/airflow/dags/my_dag.py for tasks to queue
[2024-07-19T09:11:37.018+0000] {logging_mixin.py:188} INFO - [2024-07-19T09:11:37.018+0000] {dagbag.py:540} INFO - Filling up the DagBag from /opt/airflow/dags/my_dag.py
[2024-07-19T09:11:37.026+0000] {processor.py:840} INFO - DAG(s) 'spark_operator' retrieved from /opt/airflow/dags/my_dag.py
[2024-07-19T09:11:37.045+0000] {logging_mixin.py:188} INFO - [2024-07-19T09:11:37.045+0000] {dag.py:3047} INFO - Sync 1 DAGs
[2024-07-19T09:11:37.063+0000] {logging_mixin.py:188} INFO - [2024-07-19T09:11:37.063+0000] {dag.py:3834} INFO - Setting next_dagrun for spark_operator to 2024-07-19 00:00:00+00:00, run_after=2024-07-20 00:00:00+00:00
[2024-07-19T09:11:37.082+0000] {processor.py:183} INFO - Processing /opt/airflow/dags/my_dag.py took 0.069 seconds
[2024-07-19T09:12:07.155+0000] {processor.py:161} INFO - Started process (PID=2275) to work on /opt/airflow/dags/my_dag.py
[2024-07-19T09:12:07.156+0000] {processor.py:830} INFO - Processing file /opt/airflow/dags/my_dag.py for tasks to queue
[2024-07-19T09:12:07.157+0000] {logging_mixin.py:188} INFO - [2024-07-19T09:12:07.157+0000] {dagbag.py:540} INFO - Filling up the DagBag from /opt/airflow/dags/my_dag.py
[2024-07-19T09:12:07.169+0000] {processor.py:840} INFO - DAG(s) 'spark_operator' retrieved from /opt/airflow/dags/my_dag.py
[2024-07-19T09:12:07.199+0000] {logging_mixin.py:188} INFO - [2024-07-19T09:12:07.199+0000] {dag.py:3047} INFO - Sync 1 DAGs
[2024-07-19T09:12:07.227+0000] {logging_mixin.py:188} INFO - [2024-07-19T09:12:07.227+0000] {dag.py:3834} INFO - Setting next_dagrun for spark_operator to 2024-07-19 00:00:00+00:00, run_after=2024-07-20 00:00:00+00:00
[2024-07-19T09:12:07.253+0000] {processor.py:183} INFO - Processing /opt/airflow/dags/my_dag.py took 0.105 seconds
[2024-07-19T09:12:37.311+0000] {processor.py:161} INFO - Started process (PID=2292) to work on /opt/airflow/dags/my_dag.py
[2024-07-19T09:12:37.312+0000] {processor.py:830} INFO - Processing file /opt/airflow/dags/my_dag.py for tasks to queue
[2024-07-19T09:12:37.313+0000] {logging_mixin.py:188} INFO - [2024-07-19T09:12:37.313+0000] {dagbag.py:540} INFO - Filling up the DagBag from /opt/airflow/dags/my_dag.py
[2024-07-19T09:12:37.322+0000] {processor.py:840} INFO - DAG(s) 'spark_operator' retrieved from /opt/airflow/dags/my_dag.py
[2024-07-19T09:12:37.347+0000] {logging_mixin.py:188} INFO - [2024-07-19T09:12:37.346+0000] {dag.py:3047} INFO - Sync 1 DAGs
[2024-07-19T09:12:37.365+0000] {logging_mixin.py:188} INFO - [2024-07-19T09:12:37.365+0000] {dag.py:3834} INFO - Setting next_dagrun for spark_operator to 2024-07-19 00:00:00+00:00, run_after=2024-07-20 00:00:00+00:00
[2024-07-19T09:12:37.384+0000] {processor.py:183} INFO - Processing /opt/airflow/dags/my_dag.py took 0.075 seconds
[2024-07-19T09:13:07.459+0000] {processor.py:161} INFO - Started process (PID=2309) to work on /opt/airflow/dags/my_dag.py
[2024-07-19T09:13:07.460+0000] {processor.py:830} INFO - Processing file /opt/airflow/dags/my_dag.py for tasks to queue
[2024-07-19T09:13:07.460+0000] {logging_mixin.py:188} INFO - [2024-07-19T09:13:07.460+0000] {dagbag.py:540} INFO - Filling up the DagBag from /opt/airflow/dags/my_dag.py
[2024-07-19T09:13:07.469+0000] {processor.py:840} INFO - DAG(s) 'spark_operator' retrieved from /opt/airflow/dags/my_dag.py
[2024-07-19T09:13:07.495+0000] {logging_mixin.py:188} INFO - [2024-07-19T09:13:07.494+0000] {dag.py:3047} INFO - Sync 1 DAGs
[2024-07-19T09:13:07.514+0000] {logging_mixin.py:188} INFO - [2024-07-19T09:13:07.514+0000] {dag.py:3834} INFO - Setting next_dagrun for spark_operator to 2024-07-19 00:00:00+00:00, run_after=2024-07-20 00:00:00+00:00
[2024-07-19T09:13:07.536+0000] {processor.py:183} INFO - Processing /opt/airflow/dags/my_dag.py took 0.080 seconds
[2024-07-19T09:13:36.585+0000] {processor.py:161} INFO - Started process (PID=2333) to work on /opt/airflow/dags/my_dag.py
[2024-07-19T09:13:36.585+0000] {processor.py:830} INFO - Processing file /opt/airflow/dags/my_dag.py for tasks to queue
[2024-07-19T09:13:36.586+0000] {logging_mixin.py:188} INFO - [2024-07-19T09:13:36.586+0000] {dagbag.py:540} INFO - Filling up the DagBag from /opt/airflow/dags/my_dag.py
[2024-07-19T09:13:36.603+0000] {logging_mixin.py:188} INFO - [2024-07-19T09:13:36.590+0000] {dagbag.py:350} ERROR - Failed to import: /opt/airflow/dags/my_dag.py
Traceback (most recent call last):
  File "/home/airflow/.local/lib/python3.9/site-packages/airflow/models/dagbag.py", line 346, in parse
    loader.exec_module(new_module)
  File "<frozen importlib._bootstrap_external>", line 850, in exec_module
  File "<frozen importlib._bootstrap>", line 228, in _call_with_frames_removed
  File "/opt/airflow/dags/my_dag.py", line 13, in <module>
    python_job = SparkSubmitOperator(
  File "/home/airflow/.local/lib/python3.9/site-packages/airflow/models/baseoperator.py", line 437, in apply_defaults
    result = func(self, **kwargs, default_args=default_args)
  File "/home/airflow/.local/lib/python3.9/site-packages/airflow/providers/apache/spark/operators/spark_submit.py", line 137, in __init__
    super().__init__(**kwargs)
  File "/home/airflow/.local/lib/python3.9/site-packages/airflow/models/baseoperator.py", line 437, in apply_defaults
    result = func(self, **kwargs, default_args=default_args)
  File "/home/airflow/.local/lib/python3.9/site-packages/airflow/models/baseoperator.py", line 793, in __init__
    raise AirflowException(
airflow.exceptions.AirflowException: Invalid arguments were passed to SparkSubmitOperator (task_id: python_job). Invalid arguments were:
**kwargs: {'driver_cores': None, 'archive': None}
[2024-07-19T09:13:36.603+0000] {processor.py:842} WARNING - No viable dags retrieved from /opt/airflow/dags/my_dag.py
[2024-07-19T09:13:36.633+0000] {processor.py:183} INFO - Processing /opt/airflow/dags/my_dag.py took 0.050 seconds
[2024-07-19T09:13:37.640+0000] {processor.py:161} INFO - Started process (PID=2334) to work on /opt/airflow/dags/my_dag.py
[2024-07-19T09:13:37.641+0000] {processor.py:830} INFO - Processing file /opt/airflow/dags/my_dag.py for tasks to queue
[2024-07-19T09:13:37.641+0000] {logging_mixin.py:188} INFO - [2024-07-19T09:13:37.641+0000] {dagbag.py:540} INFO - Filling up the DagBag from /opt/airflow/dags/my_dag.py
[2024-07-19T09:13:37.646+0000] {logging_mixin.py:188} INFO - [2024-07-19T09:13:37.645+0000] {dagbag.py:350} ERROR - Failed to import: /opt/airflow/dags/my_dag.py
Traceback (most recent call last):
  File "/home/airflow/.local/lib/python3.9/site-packages/airflow/models/dagbag.py", line 346, in parse
    loader.exec_module(new_module)
  File "<frozen importlib._bootstrap_external>", line 850, in exec_module
  File "<frozen importlib._bootstrap>", line 228, in _call_with_frames_removed
  File "/opt/airflow/dags/my_dag.py", line 13, in <module>
    python_job = SparkSubmitOperator(
  File "/home/airflow/.local/lib/python3.9/site-packages/airflow/models/baseoperator.py", line 437, in apply_defaults
    result = func(self, **kwargs, default_args=default_args)
  File "/home/airflow/.local/lib/python3.9/site-packages/airflow/providers/apache/spark/operators/spark_submit.py", line 137, in __init__
    super().__init__(**kwargs)
  File "/home/airflow/.local/lib/python3.9/site-packages/airflow/models/baseoperator.py", line 437, in apply_defaults
    result = func(self, **kwargs, default_args=default_args)
  File "/home/airflow/.local/lib/python3.9/site-packages/airflow/models/baseoperator.py", line 793, in __init__
    raise AirflowException(
airflow.exceptions.AirflowException: Invalid arguments were passed to SparkSubmitOperator (task_id: python_job). Invalid arguments were:
**kwargs: {'driver_cores': None, 'archive': None}
[2024-07-19T09:13:37.646+0000] {processor.py:842} WARNING - No viable dags retrieved from /opt/airflow/dags/my_dag.py
[2024-07-19T09:13:37.666+0000] {processor.py:183} INFO - Processing /opt/airflow/dags/my_dag.py took 0.029 seconds
[2024-07-19T09:13:38.659+0000] {processor.py:161} INFO - Started process (PID=2335) to work on /opt/airflow/dags/my_dag.py
[2024-07-19T09:13:38.659+0000] {processor.py:830} INFO - Processing file /opt/airflow/dags/my_dag.py for tasks to queue
[2024-07-19T09:13:38.660+0000] {logging_mixin.py:188} INFO - [2024-07-19T09:13:38.660+0000] {dagbag.py:540} INFO - Filling up the DagBag from /opt/airflow/dags/my_dag.py
[2024-07-19T09:13:38.665+0000] {logging_mixin.py:188} INFO - [2024-07-19T09:13:38.664+0000] {dagbag.py:350} ERROR - Failed to import: /opt/airflow/dags/my_dag.py
Traceback (most recent call last):
  File "/home/airflow/.local/lib/python3.9/site-packages/airflow/models/dagbag.py", line 346, in parse
    loader.exec_module(new_module)
  File "<frozen importlib._bootstrap_external>", line 850, in exec_module
  File "<frozen importlib._bootstrap>", line 228, in _call_with_frames_removed
  File "/opt/airflow/dags/my_dag.py", line 13, in <module>
    python_job = SparkSubmitOperator(
  File "/home/airflow/.local/lib/python3.9/site-packages/airflow/models/baseoperator.py", line 437, in apply_defaults
    result = func(self, **kwargs, default_args=default_args)
  File "/home/airflow/.local/lib/python3.9/site-packages/airflow/providers/apache/spark/operators/spark_submit.py", line 137, in __init__
    super().__init__(**kwargs)
  File "/home/airflow/.local/lib/python3.9/site-packages/airflow/models/baseoperator.py", line 437, in apply_defaults
    result = func(self, **kwargs, default_args=default_args)
  File "/home/airflow/.local/lib/python3.9/site-packages/airflow/models/baseoperator.py", line 793, in __init__
    raise AirflowException(
airflow.exceptions.AirflowException: Invalid arguments were passed to SparkSubmitOperator (task_id: python_job). Invalid arguments were:
**kwargs: {'driver_cores': None, 'archive': None}
[2024-07-19T09:13:38.666+0000] {processor.py:842} WARNING - No viable dags retrieved from /opt/airflow/dags/my_dag.py
[2024-07-19T09:13:38.689+0000] {processor.py:183} INFO - Processing /opt/airflow/dags/my_dag.py took 0.033 seconds
[2024-07-19T09:13:39.694+0000] {processor.py:161} INFO - Started process (PID=2336) to work on /opt/airflow/dags/my_dag.py
[2024-07-19T09:13:39.695+0000] {processor.py:830} INFO - Processing file /opt/airflow/dags/my_dag.py for tasks to queue
[2024-07-19T09:13:39.695+0000] {logging_mixin.py:188} INFO - [2024-07-19T09:13:39.695+0000] {dagbag.py:540} INFO - Filling up the DagBag from /opt/airflow/dags/my_dag.py
[2024-07-19T09:13:39.701+0000] {logging_mixin.py:188} INFO - [2024-07-19T09:13:39.700+0000] {dagbag.py:350} ERROR - Failed to import: /opt/airflow/dags/my_dag.py
Traceback (most recent call last):
  File "/home/airflow/.local/lib/python3.9/site-packages/airflow/models/dagbag.py", line 346, in parse
    loader.exec_module(new_module)
  File "<frozen importlib._bootstrap_external>", line 850, in exec_module
  File "<frozen importlib._bootstrap>", line 228, in _call_with_frames_removed
  File "/opt/airflow/dags/my_dag.py", line 13, in <module>
    python_job = SparkSubmitOperator(
  File "/home/airflow/.local/lib/python3.9/site-packages/airflow/models/baseoperator.py", line 437, in apply_defaults
    result = func(self, **kwargs, default_args=default_args)
  File "/home/airflow/.local/lib/python3.9/site-packages/airflow/providers/apache/spark/operators/spark_submit.py", line 137, in __init__
    super().__init__(**kwargs)
  File "/home/airflow/.local/lib/python3.9/site-packages/airflow/models/baseoperator.py", line 437, in apply_defaults
    result = func(self, **kwargs, default_args=default_args)
  File "/home/airflow/.local/lib/python3.9/site-packages/airflow/models/baseoperator.py", line 793, in __init__
    raise AirflowException(
airflow.exceptions.AirflowException: Invalid arguments were passed to SparkSubmitOperator (task_id: python_job). Invalid arguments were:
**kwargs: {'driver_cores': None, 'archive': None}
[2024-07-19T09:13:39.702+0000] {processor.py:842} WARNING - No viable dags retrieved from /opt/airflow/dags/my_dag.py
[2024-07-19T09:13:39.734+0000] {processor.py:183} INFO - Processing /opt/airflow/dags/my_dag.py took 0.043 seconds
[2024-07-19T09:13:40.718+0000] {processor.py:161} INFO - Started process (PID=2337) to work on /opt/airflow/dags/my_dag.py
[2024-07-19T09:13:40.719+0000] {processor.py:830} INFO - Processing file /opt/airflow/dags/my_dag.py for tasks to queue
[2024-07-19T09:13:40.720+0000] {logging_mixin.py:188} INFO - [2024-07-19T09:13:40.719+0000] {dagbag.py:540} INFO - Filling up the DagBag from /opt/airflow/dags/my_dag.py
[2024-07-19T09:13:40.728+0000] {logging_mixin.py:188} INFO - [2024-07-19T09:13:40.726+0000] {dagbag.py:350} ERROR - Failed to import: /opt/airflow/dags/my_dag.py
Traceback (most recent call last):
  File "/home/airflow/.local/lib/python3.9/site-packages/airflow/models/dagbag.py", line 346, in parse
    loader.exec_module(new_module)
  File "<frozen importlib._bootstrap_external>", line 850, in exec_module
  File "<frozen importlib._bootstrap>", line 228, in _call_with_frames_removed
  File "/opt/airflow/dags/my_dag.py", line 13, in <module>
    python_job = SparkSubmitOperator(
  File "/home/airflow/.local/lib/python3.9/site-packages/airflow/models/baseoperator.py", line 437, in apply_defaults
    result = func(self, **kwargs, default_args=default_args)
  File "/home/airflow/.local/lib/python3.9/site-packages/airflow/providers/apache/spark/operators/spark_submit.py", line 137, in __init__
    super().__init__(**kwargs)
  File "/home/airflow/.local/lib/python3.9/site-packages/airflow/models/baseoperator.py", line 437, in apply_defaults
    result = func(self, **kwargs, default_args=default_args)
  File "/home/airflow/.local/lib/python3.9/site-packages/airflow/models/baseoperator.py", line 793, in __init__
    raise AirflowException(
airflow.exceptions.AirflowException: Invalid arguments were passed to SparkSubmitOperator (task_id: python_job). Invalid arguments were:
**kwargs: {'driver_cores': None, 'archive': None}
[2024-07-19T09:13:40.729+0000] {processor.py:842} WARNING - No viable dags retrieved from /opt/airflow/dags/my_dag.py
[2024-07-19T09:13:40.752+0000] {processor.py:183} INFO - Processing /opt/airflow/dags/my_dag.py took 0.037 seconds
[2024-07-19T09:13:42.771+0000] {processor.py:161} INFO - Started process (PID=2338) to work on /opt/airflow/dags/my_dag.py
[2024-07-19T09:13:42.771+0000] {processor.py:830} INFO - Processing file /opt/airflow/dags/my_dag.py for tasks to queue
[2024-07-19T09:13:42.772+0000] {logging_mixin.py:188} INFO - [2024-07-19T09:13:42.772+0000] {dagbag.py:540} INFO - Filling up the DagBag from /opt/airflow/dags/my_dag.py
[2024-07-19T09:13:42.779+0000] {logging_mixin.py:188} INFO - [2024-07-19T09:13:42.778+0000] {dagbag.py:350} ERROR - Failed to import: /opt/airflow/dags/my_dag.py
Traceback (most recent call last):
  File "/home/airflow/.local/lib/python3.9/site-packages/airflow/models/dagbag.py", line 346, in parse
    loader.exec_module(new_module)
  File "<frozen importlib._bootstrap_external>", line 850, in exec_module
  File "<frozen importlib._bootstrap>", line 228, in _call_with_frames_removed
  File "/opt/airflow/dags/my_dag.py", line 13, in <module>
    python_job = SparkSubmitOperator(
  File "/home/airflow/.local/lib/python3.9/site-packages/airflow/models/baseoperator.py", line 437, in apply_defaults
    result = func(self, **kwargs, default_args=default_args)
  File "/home/airflow/.local/lib/python3.9/site-packages/airflow/providers/apache/spark/operators/spark_submit.py", line 137, in __init__
    super().__init__(**kwargs)
  File "/home/airflow/.local/lib/python3.9/site-packages/airflow/models/baseoperator.py", line 437, in apply_defaults
    result = func(self, **kwargs, default_args=default_args)
  File "/home/airflow/.local/lib/python3.9/site-packages/airflow/models/baseoperator.py", line 793, in __init__
    raise AirflowException(
airflow.exceptions.AirflowException: Invalid arguments were passed to SparkSubmitOperator (task_id: python_job). Invalid arguments were:
**kwargs: {'driver_cores': None, 'archive': None}
[2024-07-19T09:13:42.780+0000] {processor.py:842} WARNING - No viable dags retrieved from /opt/airflow/dags/my_dag.py
[2024-07-19T09:13:42.802+0000] {processor.py:183} INFO - Processing /opt/airflow/dags/my_dag.py took 0.035 seconds
[2024-07-19T09:14:12.900+0000] {processor.py:161} INFO - Started process (PID=2361) to work on /opt/airflow/dags/my_dag.py
[2024-07-19T09:14:12.901+0000] {processor.py:830} INFO - Processing file /opt/airflow/dags/my_dag.py for tasks to queue
[2024-07-19T09:14:12.902+0000] {logging_mixin.py:188} INFO - [2024-07-19T09:14:12.902+0000] {dagbag.py:540} INFO - Filling up the DagBag from /opt/airflow/dags/my_dag.py
[2024-07-19T09:14:12.906+0000] {logging_mixin.py:188} INFO - [2024-07-19T09:14:12.905+0000] {dagbag.py:350} ERROR - Failed to import: /opt/airflow/dags/my_dag.py
Traceback (most recent call last):
  File "/home/airflow/.local/lib/python3.9/site-packages/airflow/models/dagbag.py", line 346, in parse
    loader.exec_module(new_module)
  File "<frozen importlib._bootstrap_external>", line 850, in exec_module
  File "<frozen importlib._bootstrap>", line 228, in _call_with_frames_removed
  File "/opt/airflow/dags/my_dag.py", line 13, in <module>
    python_job = SparkSubmitOperator(
  File "/home/airflow/.local/lib/python3.9/site-packages/airflow/models/baseoperator.py", line 437, in apply_defaults
    result = func(self, **kwargs, default_args=default_args)
  File "/home/airflow/.local/lib/python3.9/site-packages/airflow/providers/apache/spark/operators/spark_submit.py", line 137, in __init__
    super().__init__(**kwargs)
  File "/home/airflow/.local/lib/python3.9/site-packages/airflow/models/baseoperator.py", line 437, in apply_defaults
    result = func(self, **kwargs, default_args=default_args)
  File "/home/airflow/.local/lib/python3.9/site-packages/airflow/models/baseoperator.py", line 793, in __init__
    raise AirflowException(
airflow.exceptions.AirflowException: Invalid arguments were passed to SparkSubmitOperator (task_id: python_job). Invalid arguments were:
**kwargs: {'driver_cores': None, 'archive': None}
[2024-07-19T09:14:12.907+0000] {processor.py:842} WARNING - No viable dags retrieved from /opt/airflow/dags/my_dag.py
[2024-07-19T09:14:12.926+0000] {processor.py:183} INFO - Processing /opt/airflow/dags/my_dag.py took 0.028 seconds
[2024-07-19T09:14:43.017+0000] {processor.py:161} INFO - Started process (PID=2376) to work on /opt/airflow/dags/my_dag.py
[2024-07-19T09:14:43.018+0000] {processor.py:830} INFO - Processing file /opt/airflow/dags/my_dag.py for tasks to queue
[2024-07-19T09:14:43.019+0000] {logging_mixin.py:188} INFO - [2024-07-19T09:14:43.018+0000] {dagbag.py:540} INFO - Filling up the DagBag from /opt/airflow/dags/my_dag.py
[2024-07-19T09:14:43.023+0000] {logging_mixin.py:188} INFO - [2024-07-19T09:14:43.022+0000] {dagbag.py:350} ERROR - Failed to import: /opt/airflow/dags/my_dag.py
Traceback (most recent call last):
  File "/home/airflow/.local/lib/python3.9/site-packages/airflow/models/dagbag.py", line 346, in parse
    loader.exec_module(new_module)
  File "<frozen importlib._bootstrap_external>", line 850, in exec_module
  File "<frozen importlib._bootstrap>", line 228, in _call_with_frames_removed
  File "/opt/airflow/dags/my_dag.py", line 13, in <module>
    python_job = SparkSubmitOperator(
  File "/home/airflow/.local/lib/python3.9/site-packages/airflow/models/baseoperator.py", line 437, in apply_defaults
    result = func(self, **kwargs, default_args=default_args)
  File "/home/airflow/.local/lib/python3.9/site-packages/airflow/providers/apache/spark/operators/spark_submit.py", line 137, in __init__
    super().__init__(**kwargs)
  File "/home/airflow/.local/lib/python3.9/site-packages/airflow/models/baseoperator.py", line 437, in apply_defaults
    result = func(self, **kwargs, default_args=default_args)
  File "/home/airflow/.local/lib/python3.9/site-packages/airflow/models/baseoperator.py", line 793, in __init__
    raise AirflowException(
airflow.exceptions.AirflowException: Invalid arguments were passed to SparkSubmitOperator (task_id: python_job). Invalid arguments were:
**kwargs: {'driver_cores': None, 'archive': None}
[2024-07-19T09:14:43.023+0000] {processor.py:842} WARNING - No viable dags retrieved from /opt/airflow/dags/my_dag.py
[2024-07-19T09:14:43.043+0000] {processor.py:183} INFO - Processing /opt/airflow/dags/my_dag.py took 0.029 seconds
[2024-07-19T09:14:54.070+0000] {processor.py:161} INFO - Started process (PID=2384) to work on /opt/airflow/dags/my_dag.py
[2024-07-19T09:14:54.070+0000] {processor.py:830} INFO - Processing file /opt/airflow/dags/my_dag.py for tasks to queue
[2024-07-19T09:14:54.071+0000] {logging_mixin.py:188} INFO - [2024-07-19T09:14:54.071+0000] {dagbag.py:540} INFO - Filling up the DagBag from /opt/airflow/dags/my_dag.py
[2024-07-19T09:14:54.080+0000] {processor.py:840} INFO - DAG(s) 'spark_operator' retrieved from /opt/airflow/dags/my_dag.py
[2024-07-19T09:14:54.168+0000] {logging_mixin.py:188} INFO - [2024-07-19T09:14:54.167+0000] {dag.py:3047} INFO - Sync 1 DAGs
[2024-07-19T09:14:54.176+0000] {logging_mixin.py:188} INFO - [2024-07-19T09:14:54.176+0000] {dag.py:3834} INFO - Setting next_dagrun for spark_operator to None, run_after=None
[2024-07-19T09:14:54.205+0000] {processor.py:183} INFO - Processing /opt/airflow/dags/my_dag.py took 0.138 seconds
[2024-07-19T09:14:55.102+0000] {processor.py:161} INFO - Started process (PID=2385) to work on /opt/airflow/dags/my_dag.py
[2024-07-19T09:14:55.103+0000] {processor.py:830} INFO - Processing file /opt/airflow/dags/my_dag.py for tasks to queue
[2024-07-19T09:14:55.103+0000] {logging_mixin.py:188} INFO - [2024-07-19T09:14:55.103+0000] {dagbag.py:540} INFO - Filling up the DagBag from /opt/airflow/dags/my_dag.py
[2024-07-19T09:14:55.112+0000] {processor.py:840} INFO - DAG(s) 'spark_operator' retrieved from /opt/airflow/dags/my_dag.py
[2024-07-19T09:14:55.122+0000] {logging_mixin.py:188} INFO - [2024-07-19T09:14:55.122+0000] {dag.py:3047} INFO - Sync 1 DAGs
[2024-07-19T09:14:55.133+0000] {logging_mixin.py:188} INFO - [2024-07-19T09:14:55.132+0000] {dag.py:3834} INFO - Setting next_dagrun for spark_operator to None, run_after=None
[2024-07-19T09:14:55.155+0000] {processor.py:183} INFO - Processing /opt/airflow/dags/my_dag.py took 0.055 seconds
[2024-07-19T09:15:25.230+0000] {processor.py:161} INFO - Started process (PID=2407) to work on /opt/airflow/dags/my_dag.py
[2024-07-19T09:15:25.231+0000] {processor.py:830} INFO - Processing file /opt/airflow/dags/my_dag.py for tasks to queue
[2024-07-19T09:15:25.232+0000] {logging_mixin.py:188} INFO - [2024-07-19T09:15:25.232+0000] {dagbag.py:540} INFO - Filling up the DagBag from /opt/airflow/dags/my_dag.py
[2024-07-19T09:15:25.243+0000] {processor.py:840} INFO - DAG(s) 'spark_operator' retrieved from /opt/airflow/dags/my_dag.py
[2024-07-19T09:15:25.276+0000] {logging_mixin.py:188} INFO - [2024-07-19T09:15:25.275+0000] {dag.py:3047} INFO - Sync 1 DAGs
[2024-07-19T09:15:25.291+0000] {logging_mixin.py:188} INFO - [2024-07-19T09:15:25.291+0000] {dag.py:3834} INFO - Setting next_dagrun for spark_operator to None, run_after=None
[2024-07-19T09:15:25.316+0000] {processor.py:183} INFO - Processing /opt/airflow/dags/my_dag.py took 0.091 seconds
[2024-07-19T09:15:55.393+0000] {processor.py:161} INFO - Started process (PID=2423) to work on /opt/airflow/dags/my_dag.py
[2024-07-19T09:15:55.394+0000] {processor.py:830} INFO - Processing file /opt/airflow/dags/my_dag.py for tasks to queue
[2024-07-19T09:15:55.394+0000] {logging_mixin.py:188} INFO - [2024-07-19T09:15:55.394+0000] {dagbag.py:540} INFO - Filling up the DagBag from /opt/airflow/dags/my_dag.py
[2024-07-19T09:15:55.402+0000] {processor.py:840} INFO - DAG(s) 'spark_operator' retrieved from /opt/airflow/dags/my_dag.py
[2024-07-19T09:15:55.422+0000] {logging_mixin.py:188} INFO - [2024-07-19T09:15:55.422+0000] {dag.py:3047} INFO - Sync 1 DAGs
[2024-07-19T09:15:55.432+0000] {logging_mixin.py:188} INFO - [2024-07-19T09:15:55.432+0000] {dag.py:3834} INFO - Setting next_dagrun for spark_operator to None, run_after=None
[2024-07-19T09:15:55.452+0000] {processor.py:183} INFO - Processing /opt/airflow/dags/my_dag.py took 0.062 seconds
[2024-07-19T09:16:25.539+0000] {processor.py:161} INFO - Started process (PID=2438) to work on /opt/airflow/dags/my_dag.py
[2024-07-19T09:16:25.540+0000] {processor.py:830} INFO - Processing file /opt/airflow/dags/my_dag.py for tasks to queue
[2024-07-19T09:16:25.541+0000] {logging_mixin.py:188} INFO - [2024-07-19T09:16:25.540+0000] {dagbag.py:540} INFO - Filling up the DagBag from /opt/airflow/dags/my_dag.py
[2024-07-19T09:16:25.549+0000] {processor.py:840} INFO - DAG(s) 'spark_operator' retrieved from /opt/airflow/dags/my_dag.py
[2024-07-19T09:16:25.568+0000] {logging_mixin.py:188} INFO - [2024-07-19T09:16:25.568+0000] {dag.py:3047} INFO - Sync 1 DAGs
[2024-07-19T09:16:25.578+0000] {logging_mixin.py:188} INFO - [2024-07-19T09:16:25.578+0000] {dag.py:3834} INFO - Setting next_dagrun for spark_operator to None, run_after=None
[2024-07-19T09:16:25.598+0000] {processor.py:183} INFO - Processing /opt/airflow/dags/my_dag.py took 0.061 seconds
[2024-07-19T09:16:37.591+0000] {processor.py:161} INFO - Started process (PID=2446) to work on /opt/airflow/dags/my_dag.py
[2024-07-19T09:16:37.592+0000] {processor.py:830} INFO - Processing file /opt/airflow/dags/my_dag.py for tasks to queue
[2024-07-19T09:16:37.593+0000] {logging_mixin.py:188} INFO - [2024-07-19T09:16:37.593+0000] {dagbag.py:540} INFO - Filling up the DagBag from /opt/airflow/dags/my_dag.py
[2024-07-19T09:16:37.601+0000] {processor.py:840} INFO - DAG(s) 'spark_operator' retrieved from /opt/airflow/dags/my_dag.py
[2024-07-19T09:16:37.621+0000] {logging_mixin.py:188} INFO - [2024-07-19T09:16:37.621+0000] {dag.py:3047} INFO - Sync 1 DAGs
[2024-07-19T09:16:37.631+0000] {logging_mixin.py:188} INFO - [2024-07-19T09:16:37.631+0000] {dag.py:3834} INFO - Setting next_dagrun for spark_operator to None, run_after=None
[2024-07-19T09:16:37.653+0000] {processor.py:183} INFO - Processing /opt/airflow/dags/my_dag.py took 0.064 seconds
[2024-07-19T09:16:38.656+0000] {processor.py:161} INFO - Started process (PID=2455) to work on /opt/airflow/dags/my_dag.py
[2024-07-19T09:16:38.657+0000] {processor.py:830} INFO - Processing file /opt/airflow/dags/my_dag.py for tasks to queue
[2024-07-19T09:16:38.658+0000] {logging_mixin.py:188} INFO - [2024-07-19T09:16:38.658+0000] {dagbag.py:540} INFO - Filling up the DagBag from /opt/airflow/dags/my_dag.py
[2024-07-19T09:16:38.672+0000] {processor.py:840} INFO - DAG(s) 'spark_operator' retrieved from /opt/airflow/dags/my_dag.py
[2024-07-19T09:16:38.699+0000] {logging_mixin.py:188} INFO - [2024-07-19T09:16:38.699+0000] {dag.py:3047} INFO - Sync 1 DAGs
[2024-07-19T09:16:38.711+0000] {logging_mixin.py:188} INFO - [2024-07-19T09:16:38.710+0000] {dag.py:3834} INFO - Setting next_dagrun for spark_operator to None, run_after=None
[2024-07-19T09:16:38.734+0000] {processor.py:183} INFO - Processing /opt/airflow/dags/my_dag.py took 0.082 seconds
[2024-07-19T09:16:39.687+0000] {processor.py:161} INFO - Started process (PID=2456) to work on /opt/airflow/dags/my_dag.py
[2024-07-19T09:16:39.688+0000] {processor.py:830} INFO - Processing file /opt/airflow/dags/my_dag.py for tasks to queue
[2024-07-19T09:16:39.689+0000] {logging_mixin.py:188} INFO - [2024-07-19T09:16:39.689+0000] {dagbag.py:540} INFO - Filling up the DagBag from /opt/airflow/dags/my_dag.py
[2024-07-19T09:16:39.705+0000] {processor.py:840} INFO - DAG(s) 'spark_operator' retrieved from /opt/airflow/dags/my_dag.py
[2024-07-19T09:16:39.732+0000] {logging_mixin.py:188} INFO - [2024-07-19T09:16:39.732+0000] {dag.py:3047} INFO - Sync 1 DAGs
[2024-07-19T09:16:39.747+0000] {logging_mixin.py:188} INFO - [2024-07-19T09:16:39.747+0000] {dag.py:3834} INFO - Setting next_dagrun for spark_operator to None, run_after=None
[2024-07-19T09:16:39.771+0000] {processor.py:183} INFO - Processing /opt/airflow/dags/my_dag.py took 0.092 seconds
[2024-07-19T09:16:41.773+0000] {processor.py:161} INFO - Started process (PID=2457) to work on /opt/airflow/dags/my_dag.py
[2024-07-19T09:16:41.773+0000] {processor.py:830} INFO - Processing file /opt/airflow/dags/my_dag.py for tasks to queue
[2024-07-19T09:16:41.774+0000] {logging_mixin.py:188} INFO - [2024-07-19T09:16:41.774+0000] {dagbag.py:540} INFO - Filling up the DagBag from /opt/airflow/dags/my_dag.py
[2024-07-19T09:16:41.783+0000] {processor.py:840} INFO - DAG(s) 'spark_operator' retrieved from /opt/airflow/dags/my_dag.py
[2024-07-19T09:16:41.802+0000] {logging_mixin.py:188} INFO - [2024-07-19T09:16:41.802+0000] {dag.py:3047} INFO - Sync 1 DAGs
[2024-07-19T09:16:41.812+0000] {logging_mixin.py:188} INFO - [2024-07-19T09:16:41.811+0000] {dag.py:3834} INFO - Setting next_dagrun for spark_operator to None, run_after=None
[2024-07-19T09:16:41.843+0000] {processor.py:183} INFO - Processing /opt/airflow/dags/my_dag.py took 0.073 seconds
[2024-07-19T09:17:11.913+0000] {processor.py:161} INFO - Started process (PID=2472) to work on /opt/airflow/dags/my_dag.py
[2024-07-19T09:17:11.913+0000] {processor.py:830} INFO - Processing file /opt/airflow/dags/my_dag.py for tasks to queue
[2024-07-19T09:17:11.914+0000] {logging_mixin.py:188} INFO - [2024-07-19T09:17:11.914+0000] {dagbag.py:540} INFO - Filling up the DagBag from /opt/airflow/dags/my_dag.py
[2024-07-19T09:17:11.922+0000] {processor.py:840} INFO - DAG(s) 'spark_operator' retrieved from /opt/airflow/dags/my_dag.py
[2024-07-19T09:17:11.943+0000] {logging_mixin.py:188} INFO - [2024-07-19T09:17:11.943+0000] {dag.py:3047} INFO - Sync 1 DAGs
[2024-07-19T09:17:11.953+0000] {logging_mixin.py:188} INFO - [2024-07-19T09:17:11.953+0000] {dag.py:3834} INFO - Setting next_dagrun for spark_operator to None, run_after=None
[2024-07-19T09:17:11.977+0000] {processor.py:183} INFO - Processing /opt/airflow/dags/my_dag.py took 0.066 seconds
[2024-07-19T09:17:42.050+0000] {processor.py:161} INFO - Started process (PID=2494) to work on /opt/airflow/dags/my_dag.py
[2024-07-19T09:17:42.051+0000] {processor.py:830} INFO - Processing file /opt/airflow/dags/my_dag.py for tasks to queue
[2024-07-19T09:17:42.052+0000] {logging_mixin.py:188} INFO - [2024-07-19T09:17:42.052+0000] {dagbag.py:540} INFO - Filling up the DagBag from /opt/airflow/dags/my_dag.py
[2024-07-19T09:17:42.063+0000] {processor.py:840} INFO - DAG(s) 'spark_operator' retrieved from /opt/airflow/dags/my_dag.py
[2024-07-19T09:17:42.085+0000] {logging_mixin.py:188} INFO - [2024-07-19T09:17:42.084+0000] {dag.py:3047} INFO - Sync 1 DAGs
[2024-07-19T09:17:42.096+0000] {logging_mixin.py:188} INFO - [2024-07-19T09:17:42.096+0000] {dag.py:3834} INFO - Setting next_dagrun for spark_operator to None, run_after=None
[2024-07-19T09:17:42.121+0000] {processor.py:183} INFO - Processing /opt/airflow/dags/my_dag.py took 0.074 seconds
[2024-07-19T09:18:12.186+0000] {processor.py:161} INFO - Started process (PID=2509) to work on /opt/airflow/dags/my_dag.py
[2024-07-19T09:18:12.187+0000] {processor.py:830} INFO - Processing file /opt/airflow/dags/my_dag.py for tasks to queue
[2024-07-19T09:18:12.187+0000] {logging_mixin.py:188} INFO - [2024-07-19T09:18:12.187+0000] {dagbag.py:540} INFO - Filling up the DagBag from /opt/airflow/dags/my_dag.py
[2024-07-19T09:18:12.195+0000] {processor.py:840} INFO - DAG(s) 'spark_operator' retrieved from /opt/airflow/dags/my_dag.py
[2024-07-19T09:18:12.216+0000] {logging_mixin.py:188} INFO - [2024-07-19T09:18:12.216+0000] {dag.py:3047} INFO - Sync 1 DAGs
[2024-07-19T09:18:12.227+0000] {logging_mixin.py:188} INFO - [2024-07-19T09:18:12.227+0000] {dag.py:3834} INFO - Setting next_dagrun for spark_operator to None, run_after=None
[2024-07-19T09:18:12.247+0000] {processor.py:183} INFO - Processing /opt/airflow/dags/my_dag.py took 0.063 seconds
[2024-07-19T09:18:42.339+0000] {processor.py:161} INFO - Started process (PID=2533) to work on /opt/airflow/dags/my_dag.py
[2024-07-19T09:18:42.340+0000] {processor.py:830} INFO - Processing file /opt/airflow/dags/my_dag.py for tasks to queue
[2024-07-19T09:18:42.341+0000] {logging_mixin.py:188} INFO - [2024-07-19T09:18:42.340+0000] {dagbag.py:540} INFO - Filling up the DagBag from /opt/airflow/dags/my_dag.py
[2024-07-19T09:18:42.352+0000] {processor.py:840} INFO - DAG(s) 'spark_operator' retrieved from /opt/airflow/dags/my_dag.py
[2024-07-19T09:18:42.382+0000] {logging_mixin.py:188} INFO - [2024-07-19T09:18:42.382+0000] {dag.py:3047} INFO - Sync 1 DAGs
[2024-07-19T09:18:42.398+0000] {logging_mixin.py:188} INFO - [2024-07-19T09:18:42.398+0000] {dag.py:3834} INFO - Setting next_dagrun for spark_operator to None, run_after=None
[2024-07-19T09:18:42.423+0000] {processor.py:183} INFO - Processing /opt/airflow/dags/my_dag.py took 0.087 seconds
[2024-07-19T09:19:12.470+0000] {processor.py:161} INFO - Started process (PID=2548) to work on /opt/airflow/dags/my_dag.py
[2024-07-19T09:19:12.471+0000] {processor.py:830} INFO - Processing file /opt/airflow/dags/my_dag.py for tasks to queue
[2024-07-19T09:19:12.472+0000] {logging_mixin.py:188} INFO - [2024-07-19T09:19:12.472+0000] {dagbag.py:540} INFO - Filling up the DagBag from /opt/airflow/dags/my_dag.py
[2024-07-19T09:19:12.483+0000] {processor.py:840} INFO - DAG(s) 'spark_operator' retrieved from /opt/airflow/dags/my_dag.py
[2024-07-19T09:19:12.508+0000] {logging_mixin.py:188} INFO - [2024-07-19T09:19:12.508+0000] {dag.py:3047} INFO - Sync 1 DAGs
[2024-07-19T09:19:12.519+0000] {logging_mixin.py:188} INFO - [2024-07-19T09:19:12.519+0000] {dag.py:3834} INFO - Setting next_dagrun for spark_operator to None, run_after=None
[2024-07-19T09:19:12.538+0000] {processor.py:183} INFO - Processing /opt/airflow/dags/my_dag.py took 0.071 seconds
[2024-07-19T09:19:42.638+0000] {processor.py:161} INFO - Started process (PID=2564) to work on /opt/airflow/dags/my_dag.py
[2024-07-19T09:19:42.638+0000] {processor.py:830} INFO - Processing file /opt/airflow/dags/my_dag.py for tasks to queue
[2024-07-19T09:19:42.639+0000] {logging_mixin.py:188} INFO - [2024-07-19T09:19:42.639+0000] {dagbag.py:540} INFO - Filling up the DagBag from /opt/airflow/dags/my_dag.py
[2024-07-19T09:19:42.647+0000] {processor.py:840} INFO - DAG(s) 'spark_operator' retrieved from /opt/airflow/dags/my_dag.py
[2024-07-19T09:19:42.667+0000] {logging_mixin.py:188} INFO - [2024-07-19T09:19:42.667+0000] {dag.py:3047} INFO - Sync 1 DAGs
[2024-07-19T09:19:42.678+0000] {logging_mixin.py:188} INFO - [2024-07-19T09:19:42.677+0000] {dag.py:3834} INFO - Setting next_dagrun for spark_operator to None, run_after=None
[2024-07-19T09:19:42.698+0000] {processor.py:183} INFO - Processing /opt/airflow/dags/my_dag.py took 0.063 seconds
[2024-07-19T09:20:12.764+0000] {processor.py:161} INFO - Started process (PID=2587) to work on /opt/airflow/dags/my_dag.py
[2024-07-19T09:20:12.765+0000] {processor.py:830} INFO - Processing file /opt/airflow/dags/my_dag.py for tasks to queue
[2024-07-19T09:20:12.767+0000] {logging_mixin.py:188} INFO - [2024-07-19T09:20:12.766+0000] {dagbag.py:540} INFO - Filling up the DagBag from /opt/airflow/dags/my_dag.py
[2024-07-19T09:20:12.777+0000] {processor.py:840} INFO - DAG(s) 'spark_operator' retrieved from /opt/airflow/dags/my_dag.py
[2024-07-19T09:20:12.805+0000] {logging_mixin.py:188} INFO - [2024-07-19T09:20:12.804+0000] {dag.py:3047} INFO - Sync 1 DAGs
[2024-07-19T09:20:12.820+0000] {logging_mixin.py:188} INFO - [2024-07-19T09:20:12.819+0000] {dag.py:3834} INFO - Setting next_dagrun for spark_operator to None, run_after=None
[2024-07-19T09:20:12.846+0000] {processor.py:183} INFO - Processing /opt/airflow/dags/my_dag.py took 0.086 seconds
[2024-07-19T09:20:42.906+0000] {processor.py:161} INFO - Started process (PID=2602) to work on /opt/airflow/dags/my_dag.py
[2024-07-19T09:20:42.907+0000] {processor.py:830} INFO - Processing file /opt/airflow/dags/my_dag.py for tasks to queue
[2024-07-19T09:20:42.908+0000] {logging_mixin.py:188} INFO - [2024-07-19T09:20:42.908+0000] {dagbag.py:540} INFO - Filling up the DagBag from /opt/airflow/dags/my_dag.py
[2024-07-19T09:20:42.917+0000] {processor.py:840} INFO - DAG(s) 'spark_operator' retrieved from /opt/airflow/dags/my_dag.py
[2024-07-19T09:20:42.937+0000] {logging_mixin.py:188} INFO - [2024-07-19T09:20:42.937+0000] {dag.py:3047} INFO - Sync 1 DAGs
[2024-07-19T09:20:42.947+0000] {logging_mixin.py:188} INFO - [2024-07-19T09:20:42.947+0000] {dag.py:3834} INFO - Setting next_dagrun for spark_operator to None, run_after=None
[2024-07-19T09:20:42.967+0000] {processor.py:183} INFO - Processing /opt/airflow/dags/my_dag.py took 0.065 seconds
[2024-07-19T09:21:13.058+0000] {processor.py:161} INFO - Started process (PID=2625) to work on /opt/airflow/dags/my_dag.py
[2024-07-19T09:21:13.059+0000] {processor.py:830} INFO - Processing file /opt/airflow/dags/my_dag.py for tasks to queue
[2024-07-19T09:21:13.059+0000] {logging_mixin.py:188} INFO - [2024-07-19T09:21:13.059+0000] {dagbag.py:540} INFO - Filling up the DagBag from /opt/airflow/dags/my_dag.py
[2024-07-19T09:21:13.068+0000] {processor.py:840} INFO - DAG(s) 'spark_operator' retrieved from /opt/airflow/dags/my_dag.py
[2024-07-19T09:21:13.090+0000] {logging_mixin.py:188} INFO - [2024-07-19T09:21:13.089+0000] {dag.py:3047} INFO - Sync 1 DAGs
[2024-07-19T09:21:13.100+0000] {logging_mixin.py:188} INFO - [2024-07-19T09:21:13.099+0000] {dag.py:3834} INFO - Setting next_dagrun for spark_operator to None, run_after=None
[2024-07-19T09:21:13.118+0000] {processor.py:183} INFO - Processing /opt/airflow/dags/my_dag.py took 0.063 seconds
[2024-07-19T09:21:43.177+0000] {processor.py:161} INFO - Started process (PID=2641) to work on /opt/airflow/dags/my_dag.py
[2024-07-19T09:21:43.177+0000] {processor.py:830} INFO - Processing file /opt/airflow/dags/my_dag.py for tasks to queue
[2024-07-19T09:21:43.178+0000] {logging_mixin.py:188} INFO - [2024-07-19T09:21:43.178+0000] {dagbag.py:540} INFO - Filling up the DagBag from /opt/airflow/dags/my_dag.py
[2024-07-19T09:21:43.187+0000] {processor.py:840} INFO - DAG(s) 'spark_operator' retrieved from /opt/airflow/dags/my_dag.py
[2024-07-19T09:21:43.207+0000] {logging_mixin.py:188} INFO - [2024-07-19T09:21:43.207+0000] {dag.py:3047} INFO - Sync 1 DAGs
[2024-07-19T09:21:43.220+0000] {logging_mixin.py:188} INFO - [2024-07-19T09:21:43.220+0000] {dag.py:3834} INFO - Setting next_dagrun for spark_operator to None, run_after=None
[2024-07-19T09:21:43.241+0000] {processor.py:183} INFO - Processing /opt/airflow/dags/my_dag.py took 0.067 seconds
[2024-07-19T09:22:13.322+0000] {processor.py:161} INFO - Started process (PID=2663) to work on /opt/airflow/dags/my_dag.py
[2024-07-19T09:22:13.322+0000] {processor.py:830} INFO - Processing file /opt/airflow/dags/my_dag.py for tasks to queue
[2024-07-19T09:22:13.323+0000] {logging_mixin.py:188} INFO - [2024-07-19T09:22:13.323+0000] {dagbag.py:540} INFO - Filling up the DagBag from /opt/airflow/dags/my_dag.py
[2024-07-19T09:22:13.332+0000] {processor.py:840} INFO - DAG(s) 'spark_operator' retrieved from /opt/airflow/dags/my_dag.py
[2024-07-19T09:22:13.352+0000] {logging_mixin.py:188} INFO - [2024-07-19T09:22:13.352+0000] {dag.py:3047} INFO - Sync 1 DAGs
[2024-07-19T09:22:13.365+0000] {logging_mixin.py:188} INFO - [2024-07-19T09:22:13.365+0000] {dag.py:3834} INFO - Setting next_dagrun for spark_operator to None, run_after=None
[2024-07-19T09:22:13.387+0000] {processor.py:183} INFO - Processing /opt/airflow/dags/my_dag.py took 0.068 seconds
[2024-07-19T09:22:43.445+0000] {processor.py:161} INFO - Started process (PID=2678) to work on /opt/airflow/dags/my_dag.py
[2024-07-19T09:22:43.446+0000] {processor.py:830} INFO - Processing file /opt/airflow/dags/my_dag.py for tasks to queue
[2024-07-19T09:22:43.446+0000] {logging_mixin.py:188} INFO - [2024-07-19T09:22:43.446+0000] {dagbag.py:540} INFO - Filling up the DagBag from /opt/airflow/dags/my_dag.py
[2024-07-19T09:22:43.454+0000] {processor.py:840} INFO - DAG(s) 'spark_operator' retrieved from /opt/airflow/dags/my_dag.py
[2024-07-19T09:22:43.475+0000] {logging_mixin.py:188} INFO - [2024-07-19T09:22:43.475+0000] {dag.py:3047} INFO - Sync 1 DAGs
[2024-07-19T09:22:43.485+0000] {logging_mixin.py:188} INFO - [2024-07-19T09:22:43.484+0000] {dag.py:3834} INFO - Setting next_dagrun for spark_operator to None, run_after=None
[2024-07-19T09:22:43.504+0000] {processor.py:183} INFO - Processing /opt/airflow/dags/my_dag.py took 0.062 seconds
[2024-07-19T09:23:13.599+0000] {processor.py:161} INFO - Started process (PID=2700) to work on /opt/airflow/dags/my_dag.py
[2024-07-19T09:23:13.600+0000] {processor.py:830} INFO - Processing file /opt/airflow/dags/my_dag.py for tasks to queue
[2024-07-19T09:23:13.601+0000] {logging_mixin.py:188} INFO - [2024-07-19T09:23:13.601+0000] {dagbag.py:540} INFO - Filling up the DagBag from /opt/airflow/dags/my_dag.py
[2024-07-19T09:23:13.612+0000] {processor.py:840} INFO - DAG(s) 'spark_operator' retrieved from /opt/airflow/dags/my_dag.py
[2024-07-19T09:23:13.631+0000] {logging_mixin.py:188} INFO - [2024-07-19T09:23:13.631+0000] {dag.py:3047} INFO - Sync 1 DAGs
[2024-07-19T09:23:13.640+0000] {logging_mixin.py:188} INFO - [2024-07-19T09:23:13.640+0000] {dag.py:3834} INFO - Setting next_dagrun for spark_operator to None, run_after=None
[2024-07-19T09:23:13.661+0000] {processor.py:183} INFO - Processing /opt/airflow/dags/my_dag.py took 0.066 seconds
[2024-07-19T09:23:43.716+0000] {processor.py:161} INFO - Started process (PID=2715) to work on /opt/airflow/dags/my_dag.py
[2024-07-19T09:23:43.716+0000] {processor.py:830} INFO - Processing file /opt/airflow/dags/my_dag.py for tasks to queue
[2024-07-19T09:23:43.717+0000] {logging_mixin.py:188} INFO - [2024-07-19T09:23:43.717+0000] {dagbag.py:540} INFO - Filling up the DagBag from /opt/airflow/dags/my_dag.py
[2024-07-19T09:23:43.725+0000] {processor.py:840} INFO - DAG(s) 'spark_operator' retrieved from /opt/airflow/dags/my_dag.py
[2024-07-19T09:23:43.746+0000] {logging_mixin.py:188} INFO - [2024-07-19T09:23:43.745+0000] {dag.py:3047} INFO - Sync 1 DAGs
[2024-07-19T09:23:43.756+0000] {logging_mixin.py:188} INFO - [2024-07-19T09:23:43.756+0000] {dag.py:3834} INFO - Setting next_dagrun for spark_operator to None, run_after=None
[2024-07-19T09:23:43.776+0000] {processor.py:183} INFO - Processing /opt/airflow/dags/my_dag.py took 0.063 seconds
[2024-07-19T09:24:13.881+0000] {processor.py:161} INFO - Started process (PID=2738) to work on /opt/airflow/dags/my_dag.py
[2024-07-19T09:24:13.882+0000] {processor.py:830} INFO - Processing file /opt/airflow/dags/my_dag.py for tasks to queue
[2024-07-19T09:24:13.883+0000] {logging_mixin.py:188} INFO - [2024-07-19T09:24:13.883+0000] {dagbag.py:540} INFO - Filling up the DagBag from /opt/airflow/dags/my_dag.py
[2024-07-19T09:24:13.894+0000] {processor.py:840} INFO - DAG(s) 'spark_operator' retrieved from /opt/airflow/dags/my_dag.py
[2024-07-19T09:24:13.924+0000] {logging_mixin.py:188} INFO - [2024-07-19T09:24:13.923+0000] {dag.py:3047} INFO - Sync 1 DAGs
[2024-07-19T09:24:13.939+0000] {logging_mixin.py:188} INFO - [2024-07-19T09:24:13.939+0000] {dag.py:3834} INFO - Setting next_dagrun for spark_operator to None, run_after=None
[2024-07-19T09:24:13.968+0000] {processor.py:183} INFO - Processing /opt/airflow/dags/my_dag.py took 0.090 seconds
[2024-07-19T09:24:44.083+0000] {processor.py:161} INFO - Started process (PID=2753) to work on /opt/airflow/dags/my_dag.py
[2024-07-19T09:24:44.084+0000] {processor.py:830} INFO - Processing file /opt/airflow/dags/my_dag.py for tasks to queue
[2024-07-19T09:24:44.085+0000] {logging_mixin.py:188} INFO - [2024-07-19T09:24:44.084+0000] {dagbag.py:540} INFO - Filling up the DagBag from /opt/airflow/dags/my_dag.py
[2024-07-19T09:24:44.092+0000] {processor.py:840} INFO - DAG(s) 'spark_operator' retrieved from /opt/airflow/dags/my_dag.py
[2024-07-19T09:24:44.112+0000] {logging_mixin.py:188} INFO - [2024-07-19T09:24:44.111+0000] {dag.py:3047} INFO - Sync 1 DAGs
[2024-07-19T09:24:44.121+0000] {logging_mixin.py:188} INFO - [2024-07-19T09:24:44.121+0000] {dag.py:3834} INFO - Setting next_dagrun for spark_operator to None, run_after=None
[2024-07-19T09:24:44.141+0000] {processor.py:183} INFO - Processing /opt/airflow/dags/my_dag.py took 0.060 seconds
[2024-07-19T09:25:14.213+0000] {processor.py:161} INFO - Started process (PID=2768) to work on /opt/airflow/dags/my_dag.py
[2024-07-19T09:25:14.214+0000] {processor.py:830} INFO - Processing file /opt/airflow/dags/my_dag.py for tasks to queue
[2024-07-19T09:25:14.215+0000] {logging_mixin.py:188} INFO - [2024-07-19T09:25:14.215+0000] {dagbag.py:540} INFO - Filling up the DagBag from /opt/airflow/dags/my_dag.py
[2024-07-19T09:25:14.223+0000] {processor.py:840} INFO - DAG(s) 'spark_operator' retrieved from /opt/airflow/dags/my_dag.py
[2024-07-19T09:25:14.243+0000] {logging_mixin.py:188} INFO - [2024-07-19T09:25:14.242+0000] {dag.py:3047} INFO - Sync 1 DAGs
[2024-07-19T09:25:14.252+0000] {logging_mixin.py:188} INFO - [2024-07-19T09:25:14.252+0000] {dag.py:3834} INFO - Setting next_dagrun for spark_operator to None, run_after=None
[2024-07-19T09:25:14.271+0000] {processor.py:183} INFO - Processing /opt/airflow/dags/my_dag.py took 0.061 seconds
[2024-07-19T09:25:44.354+0000] {processor.py:161} INFO - Started process (PID=2791) to work on /opt/airflow/dags/my_dag.py
[2024-07-19T09:25:44.355+0000] {processor.py:830} INFO - Processing file /opt/airflow/dags/my_dag.py for tasks to queue
[2024-07-19T09:25:44.356+0000] {logging_mixin.py:188} INFO - [2024-07-19T09:25:44.355+0000] {dagbag.py:540} INFO - Filling up the DagBag from /opt/airflow/dags/my_dag.py
[2024-07-19T09:25:44.363+0000] {processor.py:840} INFO - DAG(s) 'spark_operator' retrieved from /opt/airflow/dags/my_dag.py
[2024-07-19T09:25:44.383+0000] {logging_mixin.py:188} INFO - [2024-07-19T09:25:44.382+0000] {dag.py:3047} INFO - Sync 1 DAGs
[2024-07-19T09:25:44.392+0000] {logging_mixin.py:188} INFO - [2024-07-19T09:25:44.392+0000] {dag.py:3834} INFO - Setting next_dagrun for spark_operator to None, run_after=None
[2024-07-19T09:25:44.413+0000] {processor.py:183} INFO - Processing /opt/airflow/dags/my_dag.py took 0.061 seconds
[2024-07-19T09:26:14.484+0000] {processor.py:161} INFO - Started process (PID=2806) to work on /opt/airflow/dags/my_dag.py
[2024-07-19T09:26:14.485+0000] {processor.py:830} INFO - Processing file /opt/airflow/dags/my_dag.py for tasks to queue
[2024-07-19T09:26:14.486+0000] {logging_mixin.py:188} INFO - [2024-07-19T09:26:14.485+0000] {dagbag.py:540} INFO - Filling up the DagBag from /opt/airflow/dags/my_dag.py
[2024-07-19T09:26:14.494+0000] {processor.py:840} INFO - DAG(s) 'spark_operator' retrieved from /opt/airflow/dags/my_dag.py
[2024-07-19T09:26:14.517+0000] {logging_mixin.py:188} INFO - [2024-07-19T09:26:14.516+0000] {dag.py:3047} INFO - Sync 1 DAGs
[2024-07-19T09:26:14.528+0000] {logging_mixin.py:188} INFO - [2024-07-19T09:26:14.528+0000] {dag.py:3834} INFO - Setting next_dagrun for spark_operator to None, run_after=None
[2024-07-19T09:26:14.548+0000] {processor.py:183} INFO - Processing /opt/airflow/dags/my_dag.py took 0.066 seconds
[2024-07-19T09:26:44.620+0000] {processor.py:161} INFO - Started process (PID=2829) to work on /opt/airflow/dags/my_dag.py
[2024-07-19T09:26:44.622+0000] {processor.py:830} INFO - Processing file /opt/airflow/dags/my_dag.py for tasks to queue
[2024-07-19T09:26:44.623+0000] {logging_mixin.py:188} INFO - [2024-07-19T09:26:44.622+0000] {dagbag.py:540} INFO - Filling up the DagBag from /opt/airflow/dags/my_dag.py
[2024-07-19T09:26:44.638+0000] {processor.py:840} INFO - DAG(s) 'spark_operator' retrieved from /opt/airflow/dags/my_dag.py
[2024-07-19T09:26:44.665+0000] {logging_mixin.py:188} INFO - [2024-07-19T09:26:44.665+0000] {dag.py:3047} INFO - Sync 1 DAGs
[2024-07-19T09:26:44.680+0000] {logging_mixin.py:188} INFO - [2024-07-19T09:26:44.679+0000] {dag.py:3834} INFO - Setting next_dagrun for spark_operator to None, run_after=None
[2024-07-19T09:26:44.704+0000] {processor.py:183} INFO - Processing /opt/airflow/dags/my_dag.py took 0.086 seconds
[2024-07-19T09:26:54.677+0000] {processor.py:161} INFO - Started process (PID=2830) to work on /opt/airflow/dags/my_dag.py
[2024-07-19T09:26:54.678+0000] {processor.py:830} INFO - Processing file /opt/airflow/dags/my_dag.py for tasks to queue
[2024-07-19T09:26:54.679+0000] {logging_mixin.py:188} INFO - [2024-07-19T09:26:54.679+0000] {dagbag.py:540} INFO - Filling up the DagBag from /opt/airflow/dags/my_dag.py
[2024-07-19T09:26:54.687+0000] {processor.py:840} INFO - DAG(s) 'spark_operator' retrieved from /opt/airflow/dags/my_dag.py
[2024-07-19T09:26:54.707+0000] {logging_mixin.py:188} INFO - [2024-07-19T09:26:54.707+0000] {dag.py:3047} INFO - Sync 1 DAGs
[2024-07-19T09:26:54.717+0000] {logging_mixin.py:188} INFO - [2024-07-19T09:26:54.717+0000] {dag.py:3834} INFO - Setting next_dagrun for spark_operator to None, run_after=None
[2024-07-19T09:26:54.738+0000] {processor.py:183} INFO - Processing /opt/airflow/dags/my_dag.py took 0.063 seconds
[2024-07-19T09:27:24.797+0000] {processor.py:161} INFO - Started process (PID=2852) to work on /opt/airflow/dags/my_dag.py
[2024-07-19T09:27:24.798+0000] {processor.py:830} INFO - Processing file /opt/airflow/dags/my_dag.py for tasks to queue
[2024-07-19T09:27:24.799+0000] {logging_mixin.py:188} INFO - [2024-07-19T09:27:24.798+0000] {dagbag.py:540} INFO - Filling up the DagBag from /opt/airflow/dags/my_dag.py
[2024-07-19T09:27:24.810+0000] {processor.py:840} INFO - DAG(s) 'spark_operator' retrieved from /opt/airflow/dags/my_dag.py
[2024-07-19T09:27:24.834+0000] {logging_mixin.py:188} INFO - [2024-07-19T09:27:24.834+0000] {dag.py:3047} INFO - Sync 1 DAGs
[2024-07-19T09:27:24.844+0000] {logging_mixin.py:188} INFO - [2024-07-19T09:27:24.844+0000] {dag.py:3834} INFO - Setting next_dagrun for spark_operator to None, run_after=None
[2024-07-19T09:27:24.864+0000] {processor.py:183} INFO - Processing /opt/airflow/dags/my_dag.py took 0.070 seconds
